INFO:all-distilroberta-v1_embs_INFO:STARTING EMBEDDING PROCESS!

INFO:all-distilroberta-v1_embs_INFO:STARTING TO EMBED: 2308.07279v2_content.txt
INFO:all-distilroberta-v1_embs_INFO:END OF FILE - SAVING EMBEDDINGS FOR 2308.07279v2_content.txt

INFO:all-distilroberta-v1_embs_INFO:STARTING TO EMBED: 2311.00207v3_content.txt
INFO:all-distilroberta-v1_embs_INFO:END OF FILE - SAVING EMBEDDINGS FOR 2311.00207v3_content.txt

INFO:all-distilroberta-v1_embs_INFO:STARTING TO EMBED: 2312.09440v2_content.txt
INFO:all-distilroberta-v1_embs_INFO:END OF FILE - SAVING EMBEDDINGS FOR 2312.09440v2_content.txt

INFO:all-distilroberta-v1_embs_INFO:STARTING TO EMBED: 2403.03802v2_content.txt
INFO:all-distilroberta-v1_embs_INFO:END OF FILE - SAVING EMBEDDINGS FOR 2403.03802v2_content.txt

INFO:all-distilroberta-v1_embs_INFO:STARTING TO EMBED: 2403.11585v3_content.txt
INFO:all-distilroberta-v1_embs_INFO:END OF FILE - SAVING EMBEDDINGS FOR 2403.11585v3_content.txt

INFO:all-distilroberta-v1_embs_INFO:STARTING TO EMBED: 2403.12778v2_content.txt
INFO:all-distilroberta-v1_embs_INFO:END OF FILE - SAVING EMBEDDINGS FOR 2403.12778v2_content.txt

INFO:all-distilroberta-v1_embs_INFO:STARTING TO EMBED: 2404.01415v2_content.txt
INFO:all-distilroberta-v1_embs_INFO:END OF FILE - SAVING EMBEDDINGS FOR 2404.01415v2_content.txt

INFO:all-distilroberta-v1_embs_INFO:STARTING TO EMBED: 2405.17388v2_content.txt
INFO:all-distilroberta-v1_embs_INFO:END OF FILE - SAVING EMBEDDINGS FOR 2405.17388v2_content.txt

INFO:all-distilroberta-v1_embs_INFO:STARTING TO EMBED: 2406.08298v5_content.txt
INFO:all-distilroberta-v1_embs_INFO:END OF FILE - SAVING EMBEDDINGS FOR 2406.08298v5_content.txt

INFO:all-distilroberta-v1_embs_INFO:STARTING TO EMBED: 2406.15955v2_content.txt
INFO:all-distilroberta-v1_embs_INFO:END OF FILE - SAVING EMBEDDINGS FOR 2406.15955v2_content.txt

INFO:all-distilroberta-v1_embs_INFO:STARTING TO EMBED: 2407.05941v4_content.txt
INFO:all-distilroberta-v1_embs_INFO:END OF FILE - SAVING EMBEDDINGS FOR 2407.05941v4_content.txt

INFO:all-distilroberta-v1_embs_INFO:STARTING TO EMBED: 2409.04405v2_content.txt
INFO:all-distilroberta-v1_embs_INFO:END OF FILE - SAVING EMBEDDINGS FOR 2409.04405v2_content.txt

INFO:all-distilroberta-v1_embs_INFO:STARTING TO EMBED: 2410.14845v2_content.txt
INFO:all-distilroberta-v1_embs_INFO:END OF FILE - SAVING EMBEDDINGS FOR 2410.14845v2_content.txt

INFO:all-distilroberta-v1_embs_INFO:STARTING TO EMBED: 2410.23279v3_content.txt
INFO:all-distilroberta-v1_embs_INFO:END OF FILE - SAVING EMBEDDINGS FOR 2410.23279v3_content.txt

INFO:all-distilroberta-v1_embs_INFO:STARTING TO EMBED: 2411.06091v1_content.txt
INFO:all-distilroberta-v1_embs_INFO:END OF FILE - SAVING EMBEDDINGS FOR 2411.06091v1_content.txt

INFO:all-distilroberta-v1_embs_INFO:STARTING TO EMBED: 2411.06786v1_content.txt
INFO:all-distilroberta-v1_embs_INFO:END OF FILE - SAVING EMBEDDINGS FOR 2411.06786v1_content.txt

INFO:all-distilroberta-v1_embs_INFO:STARTING TO EMBED: 2411.07265v2_content.txt
INFO:all-distilroberta-v1_embs_INFO:END OF FILE - SAVING EMBEDDINGS FOR 2411.07265v2_content.txt

INFO:all-distilroberta-v1_embs_INFO:STARTING TO EMBED: 2411.09101v1_content.txt
INFO:all-distilroberta-v1_embs_INFO:END OF FILE - SAVING EMBEDDINGS FOR 2411.09101v1_content.txt

INFO:all-distilroberta-v1_embs_INFO:STARTING TO EMBED: 2411.09420v1_content.txt
INFO:all-distilroberta-v1_embs_INFO:END OF FILE - SAVING EMBEDDINGS FOR 2411.09420v1_content.txt

INFO:all-distilroberta-v1_embs_INFO:STARTING TO EMBED: 2411.09598v1_content.txt
INFO:all-distilroberta-v1_embs_INFO:END OF FILE - SAVING EMBEDDINGS FOR 2411.09598v1_content.txt

INFO:all-distilroberta-v1_embs_INFO:STARTING TO EMBED: 2411.09702v1_content.txt
INFO:all-distilroberta-v1_embs_INFO:END OF FILE - SAVING EMBEDDINGS FOR 2411.09702v1_content.txt

INFO:all-distilroberta-v1_embs_INFO:STARTING TO EMBED: 2411.10718v3_content.txt
INFO:all-distilroberta-v1_embs_INFO:END OF FILE - SAVING EMBEDDINGS FOR 2411.10718v3_content.txt

INFO:all-distilroberta-v1_embs_INFO:STARTING TO EMBED: 2411.11214v1_content.txt
INFO:all-distilroberta-v1_embs_INFO:END OF FILE - SAVING EMBEDDINGS FOR 2411.11214v1_content.txt

INFO:all-distilroberta-v1_embs_INFO:STARTING TO EMBED: 2411.11376v1_content.txt
INFO:all-distilroberta-v1_embs_INFO:END OF FILE - SAVING EMBEDDINGS FOR 2411.11376v1_content.txt

INFO:all-distilroberta-v1_embs_INFO:STARTING TO EMBED: 2411.12028v1_content.txt
INFO:all-distilroberta-v1_embs_INFO:END OF FILE - SAVING EMBEDDINGS FOR 2411.12028v1_content.txt

INFO:all-distilroberta-v1_embs_INFO:STARTING TO EMBED: 2411.12874v1_content.txt
INFO:all-distilroberta-v1_embs_INFO:END OF FILE - SAVING EMBEDDINGS FOR 2411.12874v1_content.txt

INFO:all-distilroberta-v1_embs_INFO:STARTING TO EMBED: 2411.13037v1_content.txt
INFO:all-distilroberta-v1_embs_INFO:END OF FILE - SAVING EMBEDDINGS FOR 2411.13037v1_content.txt

INFO:all-distilroberta-v1_embs_INFO:STARTING TO EMBED: 2411.13321v1_content.txt
INFO:all-distilroberta-v1_embs_INFO:END OF FILE - SAVING EMBEDDINGS FOR 2411.13321v1_content.txt

INFO:all-distilroberta-v1_embs_INFO:STARTING TO EMBED: 2411.13400v1_content.txt
INFO:all-distilroberta-v1_embs_INFO:END OF FILE - SAVING EMBEDDINGS FOR 2411.13400v1_content.txt

INFO:all-distilroberta-v1_embs_INFO:STARTING TO EMBED: 2411.13423v1_content.txt
INFO:all-distilroberta-v1_embs_INFO:END OF FILE - SAVING EMBEDDINGS FOR 2411.13423v1_content.txt

INFO:all-distilroberta-v1_embs_INFO:STARTING TO EMBED: 2411.13520v1_content.txt
INFO:all-distilroberta-v1_embs_INFO:END OF FILE - SAVING EMBEDDINGS FOR 2411.13520v1_content.txt

INFO:all-distilroberta-v1_embs_INFO:STARTING TO EMBED: 2411.13778v1_content.txt
INFO:all-distilroberta-v1_embs_INFO:END OF FILE - SAVING EMBEDDINGS FOR 2411.13778v1_content.txt

INFO:all-distilroberta-v1_embs_INFO:STARTING TO EMBED: 2411.13913v1_content.txt
INFO:all-distilroberta-v1_embs_INFO:END OF FILE - SAVING EMBEDDINGS FOR 2411.13913v1_content.txt

INFO:all-distilroberta-v1_embs_INFO:STARTING TO EMBED: 2411.13929v1_content.txt
INFO:all-distilroberta-v1_embs_INFO:END OF FILE - SAVING EMBEDDINGS FOR 2411.13929v1_content.txt

INFO:all-distilroberta-v1_embs_INFO:STARTING TO EMBED: 2411.13953v1_content.txt
INFO:all-distilroberta-v1_embs_INFO:END OF FILE - SAVING EMBEDDINGS FOR 2411.13953v1_content.txt

INFO:all-distilroberta-v1_embs_INFO:STARTING TO EMBED: 2411.13975v1_content.txt
INFO:all-distilroberta-v1_embs_INFO:END OF FILE - SAVING EMBEDDINGS FOR 2411.13975v1_content.txt

INFO:all-distilroberta-v1_embs_INFO:STARTING TO EMBED: 2411.14040v1_content.txt
INFO:all-distilroberta-v1_embs_INFO:END OF FILE - SAVING EMBEDDINGS FOR 2411.14040v1_content.txt

INFO:all-distilroberta-v1_embs_INFO:STARTING TO EMBED: 2411.14057v1_content.txt
INFO:all-distilroberta-v1_embs_INFO:END OF FILE - SAVING EMBEDDINGS FOR 2411.14057v1_content.txt

INFO:all-distilroberta-v1_embs_INFO:STARTING TO EMBED: 2411.14109v1_content.txt
INFO:all-distilroberta-v1_embs_INFO:END OF FILE - SAVING EMBEDDINGS FOR 2411.14109v1_content.txt

INFO:all-distilroberta-v1_embs_INFO:STARTING TO EMBED: 2411.14172v1_content.txt
INFO:all-distilroberta-v1_embs_INFO:END OF FILE - SAVING EMBEDDINGS FOR 2411.14172v1_content.txt

INFO:all-distilroberta-v1_embs_INFO:STARTING TO EMBED: 2411.14179v1_content.txt
INFO:all-distilroberta-v1_embs_INFO:END OF FILE - SAVING EMBEDDINGS FOR 2411.14179v1_content.txt

INFO:all-distilroberta-v1_embs_INFO:STARTING TO EMBED: 2411.14354v1_content.txt
INFO:all-distilroberta-v1_embs_INFO:END OF FILE - SAVING EMBEDDINGS FOR 2411.14354v1_content.txt

INFO:all-distilroberta-v1_embs_INFO:STARTING TO EMBED: 2411.14392v1_content.txt
INFO:all-distilroberta-v1_embs_INFO:END OF FILE - SAVING EMBEDDINGS FOR 2411.14392v1_content.txt

INFO:all-distilroberta-v1_embs_INFO:STARTING TO EMBED: 2411.14412v1_content.txt
INFO:all-distilroberta-v1_embs_INFO:END OF FILE - SAVING EMBEDDINGS FOR 2411.14412v1_content.txt

INFO:all-distilroberta-v1_embs_INFO:STARTING TO EMBED: 2411.14427v1_content.txt
INFO:all-distilroberta-v1_embs_INFO:END OF FILE - SAVING EMBEDDINGS FOR 2411.14427v1_content.txt

INFO:all-distilroberta-v1_embs_INFO:STARTING EMBEDDING PROCESS!

INFO:all-distilroberta-v1_embs_INFO:STARTING TO EMBED: 2308.07279v2_content.txt
INFO:all-distilroberta-v1_embs_INFO:END OF FILE - SAVING EMBEDDINGS FOR 2308.07279v2_content.txt

INFO:all-distilroberta-v1_embs_INFO:STARTING TO EMBED: 2311.00207v3_content.txt
INFO:all-distilroberta-v1_embs_INFO:END OF FILE - SAVING EMBEDDINGS FOR 2311.00207v3_content.txt

INFO:all-distilroberta-v1_embs_INFO:STARTING TO EMBED: 2312.09440v2_content.txt
INFO:all-distilroberta-v1_embs_INFO:END OF FILE - SAVING EMBEDDINGS FOR 2312.09440v2_content.txt

INFO:all-distilroberta-v1_embs_INFO:STARTING TO EMBED: 2403.03802v2_content.txt
INFO:all-distilroberta-v1_embs_INFO:END OF FILE - SAVING EMBEDDINGS FOR 2403.03802v2_content.txt

INFO:all-distilroberta-v1_embs_INFO:STARTING TO EMBED: 2403.11585v3_content.txt
INFO:all-distilroberta-v1_embs_INFO:END OF FILE - SAVING EMBEDDINGS FOR 2403.11585v3_content.txt

INFO:all-distilroberta-v1_embs_INFO:STARTING TO EMBED: 2403.12778v2_content.txt
INFO:all-distilroberta-v1_embs_INFO:END OF FILE - SAVING EMBEDDINGS FOR 2403.12778v2_content.txt

INFO:all-distilroberta-v1_embs_INFO:STARTING TO EMBED: 2404.01415v2_content.txt
INFO:all-distilroberta-v1_embs_INFO:END OF FILE - SAVING EMBEDDINGS FOR 2404.01415v2_content.txt

INFO:all-distilroberta-v1_embs_INFO:STARTING TO EMBED: 2405.17388v2_content.txt
INFO:all-distilroberta-v1_embs_INFO:END OF FILE - SAVING EMBEDDINGS FOR 2405.17388v2_content.txt

INFO:all-distilroberta-v1_embs_INFO:STARTING TO EMBED: 2406.08298v5_content.txt
INFO:all-distilroberta-v1_embs_INFO:END OF FILE - SAVING EMBEDDINGS FOR 2406.08298v5_content.txt

INFO:all-distilroberta-v1_embs_INFO:STARTING TO EMBED: 2406.15955v2_content.txt
INFO:all-distilroberta-v1_embs_INFO:END OF FILE - SAVING EMBEDDINGS FOR 2406.15955v2_content.txt

INFO:all-distilroberta-v1_embs_INFO:STARTING TO EMBED: 2407.05941v4_content.txt
INFO:all-distilroberta-v1_embs_INFO:END OF FILE - SAVING EMBEDDINGS FOR 2407.05941v4_content.txt

INFO:all-distilroberta-v1_embs_INFO:STARTING TO EMBED: 2409.04405v2_content.txt
INFO:all-distilroberta-v1_embs_INFO:END OF FILE - SAVING EMBEDDINGS FOR 2409.04405v2_content.txt

INFO:all-distilroberta-v1_embs_INFO:STARTING TO EMBED: 2410.14845v2_content.txt
INFO:all-distilroberta-v1_embs_INFO:END OF FILE - SAVING EMBEDDINGS FOR 2410.14845v2_content.txt

INFO:all-distilroberta-v1_embs_INFO:STARTING TO EMBED: 2410.23279v3_content.txt
INFO:all-distilroberta-v1_embs_INFO:END OF FILE - SAVING EMBEDDINGS FOR 2410.23279v3_content.txt

INFO:all-distilroberta-v1_embs_INFO:STARTING TO EMBED: 2411.06091v1_content.txt
INFO:all-distilroberta-v1_embs_INFO:END OF FILE - SAVING EMBEDDINGS FOR 2411.06091v1_content.txt

INFO:all-distilroberta-v1_embs_INFO:STARTING TO EMBED: 2411.06786v1_content.txt
INFO:all-distilroberta-v1_embs_INFO:END OF FILE - SAVING EMBEDDINGS FOR 2411.06786v1_content.txt

INFO:all-distilroberta-v1_embs_INFO:STARTING TO EMBED: 2411.07265v2_content.txt
INFO:all-distilroberta-v1_embs_INFO:END OF FILE - SAVING EMBEDDINGS FOR 2411.07265v2_content.txt

INFO:all-distilroberta-v1_embs_INFO:STARTING TO EMBED: 2411.09101v1_content.txt
INFO:all-distilroberta-v1_embs_INFO:END OF FILE - SAVING EMBEDDINGS FOR 2411.09101v1_content.txt

INFO:all-distilroberta-v1_embs_INFO:STARTING TO EMBED: 2411.09420v1_content.txt
INFO:all-distilroberta-v1_embs_INFO:END OF FILE - SAVING EMBEDDINGS FOR 2411.09420v1_content.txt

INFO:all-distilroberta-v1_embs_INFO:STARTING TO EMBED: 2411.09598v1_content.txt
INFO:all-distilroberta-v1_embs_INFO:END OF FILE - SAVING EMBEDDINGS FOR 2411.09598v1_content.txt

INFO:all-distilroberta-v1_embs_INFO:STARTING TO EMBED: 2411.09702v1_content.txt
INFO:all-distilroberta-v1_embs_INFO:END OF FILE - SAVING EMBEDDINGS FOR 2411.09702v1_content.txt

INFO:all-distilroberta-v1_embs_INFO:STARTING TO EMBED: 2411.10718v3_content.txt
INFO:all-distilroberta-v1_embs_INFO:END OF FILE - SAVING EMBEDDINGS FOR 2411.10718v3_content.txt

INFO:all-distilroberta-v1_embs_INFO:STARTING TO EMBED: 2411.11214v1_content.txt
INFO:all-distilroberta-v1_embs_INFO:END OF FILE - SAVING EMBEDDINGS FOR 2411.11214v1_content.txt

INFO:all-distilroberta-v1_embs_INFO:STARTING TO EMBED: 2411.11376v1_content.txt
INFO:all-distilroberta-v1_embs_INFO:END OF FILE - SAVING EMBEDDINGS FOR 2411.11376v1_content.txt

INFO:all-distilroberta-v1_embs_INFO:STARTING TO EMBED: 2411.12028v1_content.txt
INFO:all-distilroberta-v1_embs_INFO:END OF FILE - SAVING EMBEDDINGS FOR 2411.12028v1_content.txt

INFO:all-distilroberta-v1_embs_INFO:STARTING TO EMBED: 2411.12874v1_content.txt
INFO:all-distilroberta-v1_embs_INFO:END OF FILE - SAVING EMBEDDINGS FOR 2411.12874v1_content.txt

INFO:all-distilroberta-v1_embs_INFO:STARTING TO EMBED: 2411.13037v1_content.txt
INFO:all-distilroberta-v1_embs_INFO:END OF FILE - SAVING EMBEDDINGS FOR 2411.13037v1_content.txt

INFO:all-distilroberta-v1_embs_INFO:STARTING TO EMBED: 2411.13321v1_content.txt
INFO:all-distilroberta-v1_embs_INFO:END OF FILE - SAVING EMBEDDINGS FOR 2411.13321v1_content.txt

INFO:all-distilroberta-v1_embs_INFO:STARTING TO EMBED: 2411.13400v1_content.txt
INFO:all-distilroberta-v1_embs_INFO:END OF FILE - SAVING EMBEDDINGS FOR 2411.13400v1_content.txt

INFO:all-distilroberta-v1_embs_INFO:STARTING TO EMBED: 2411.13423v1_content.txt
INFO:all-distilroberta-v1_embs_INFO:END OF FILE - SAVING EMBEDDINGS FOR 2411.13423v1_content.txt

INFO:all-distilroberta-v1_embs_INFO:STARTING TO EMBED: 2411.13520v1_content.txt
INFO:all-distilroberta-v1_embs_INFO:END OF FILE - SAVING EMBEDDINGS FOR 2411.13520v1_content.txt

INFO:all-distilroberta-v1_embs_INFO:STARTING TO EMBED: 2411.13778v1_content.txt
INFO:all-distilroberta-v1_embs_INFO:END OF FILE - SAVING EMBEDDINGS FOR 2411.13778v1_content.txt

INFO:all-distilroberta-v1_embs_INFO:STARTING TO EMBED: 2411.13913v1_content.txt
INFO:all-distilroberta-v1_embs_INFO:END OF FILE - SAVING EMBEDDINGS FOR 2411.13913v1_content.txt

INFO:all-distilroberta-v1_embs_INFO:STARTING TO EMBED: 2411.13929v1_content.txt
INFO:all-distilroberta-v1_embs_INFO:END OF FILE - SAVING EMBEDDINGS FOR 2411.13929v1_content.txt

INFO:all-distilroberta-v1_embs_INFO:STARTING TO EMBED: 2411.13953v1_content.txt
INFO:all-distilroberta-v1_embs_INFO:END OF FILE - SAVING EMBEDDINGS FOR 2411.13953v1_content.txt

INFO:all-distilroberta-v1_embs_INFO:STARTING TO EMBED: 2411.13975v1_content.txt
INFO:all-distilroberta-v1_embs_INFO:END OF FILE - SAVING EMBEDDINGS FOR 2411.13975v1_content.txt

INFO:all-distilroberta-v1_embs_INFO:STARTING TO EMBED: 2411.14040v1_content.txt
INFO:all-distilroberta-v1_embs_INFO:END OF FILE - SAVING EMBEDDINGS FOR 2411.14040v1_content.txt

INFO:all-distilroberta-v1_embs_INFO:STARTING TO EMBED: 2411.14057v1_content.txt
INFO:all-distilroberta-v1_embs_INFO:END OF FILE - SAVING EMBEDDINGS FOR 2411.14057v1_content.txt

INFO:all-distilroberta-v1_embs_INFO:STARTING TO EMBED: 2411.14109v1_content.txt
INFO:all-distilroberta-v1_embs_INFO:END OF FILE - SAVING EMBEDDINGS FOR 2411.14109v1_content.txt

INFO:all-distilroberta-v1_embs_INFO:STARTING TO EMBED: 2411.14172v1_content.txt
INFO:all-distilroberta-v1_embs_INFO:END OF FILE - SAVING EMBEDDINGS FOR 2411.14172v1_content.txt

INFO:all-distilroberta-v1_embs_INFO:STARTING TO EMBED: 2411.14179v1_content.txt
INFO:all-distilroberta-v1_embs_INFO:END OF FILE - SAVING EMBEDDINGS FOR 2411.14179v1_content.txt

INFO:all-distilroberta-v1_embs_INFO:STARTING TO EMBED: 2411.14354v1_content.txt
INFO:all-distilroberta-v1_embs_INFO:END OF FILE - SAVING EMBEDDINGS FOR 2411.14354v1_content.txt

INFO:all-distilroberta-v1_embs_INFO:STARTING TO EMBED: 2411.14392v1_content.txt
INFO:all-distilroberta-v1_embs_INFO:END OF FILE - SAVING EMBEDDINGS FOR 2411.14392v1_content.txt

INFO:all-distilroberta-v1_embs_INFO:STARTING TO EMBED: 2411.14412v1_content.txt
INFO:all-distilroberta-v1_embs_INFO:END OF FILE - SAVING EMBEDDINGS FOR 2411.14412v1_content.txt

INFO:all-distilroberta-v1_embs_INFO:STARTING TO EMBED: 2411.14427v1_content.txt
INFO:all-distilroberta-v1_embs_INFO:END OF FILE - SAVING EMBEDDINGS FOR 2411.14427v1_content.txt

INFO:all-distilroberta-v1_embs_INFO:STARTING EMBEDDING PROCESS!

INFO:all-distilroberta-v1_embs_INFO:STARTING TO EMBED: 2308.07279v2_content.txt
INFO:all-distilroberta-v1_embs_INFO:END OF FILE - SAVING EMBEDDINGS FOR 2308.07279v2_content.txt

INFO:all-distilroberta-v1_embs_INFO:STARTING TO EMBED: 2311.00207v3_content.txt
INFO:all-distilroberta-v1_embs_INFO:END OF FILE - SAVING EMBEDDINGS FOR 2311.00207v3_content.txt

INFO:all-distilroberta-v1_embs_INFO:STARTING TO EMBED: 2312.09440v2_content.txt
INFO:all-distilroberta-v1_embs_INFO:END OF FILE - SAVING EMBEDDINGS FOR 2312.09440v2_content.txt

INFO:all-distilroberta-v1_embs_INFO:STARTING TO EMBED: 2403.03802v2_content.txt
INFO:all-distilroberta-v1_embs_INFO:END OF FILE - SAVING EMBEDDINGS FOR 2403.03802v2_content.txt

INFO:all-distilroberta-v1_embs_INFO:STARTING TO EMBED: 2403.11585v3_content.txt
INFO:all-distilroberta-v1_embs_INFO:END OF FILE - SAVING EMBEDDINGS FOR 2403.11585v3_content.txt

INFO:all-distilroberta-v1_embs_INFO:STARTING TO EMBED: 2403.12778v2_content.txt
INFO:all-distilroberta-v1_embs_INFO:END OF FILE - SAVING EMBEDDINGS FOR 2403.12778v2_content.txt

INFO:all-distilroberta-v1_embs_INFO:STARTING TO EMBED: 2404.01415v2_content.txt
INFO:all-distilroberta-v1_embs_INFO:END OF FILE - SAVING EMBEDDINGS FOR 2404.01415v2_content.txt

INFO:all-distilroberta-v1_embs_INFO:STARTING TO EMBED: 2405.17388v2_content.txt
INFO:all-distilroberta-v1_embs_INFO:END OF FILE - SAVING EMBEDDINGS FOR 2405.17388v2_content.txt

INFO:all-distilroberta-v1_embs_INFO:STARTING TO EMBED: 2406.08298v5_content.txt
INFO:all-distilroberta-v1_embs_INFO:END OF FILE - SAVING EMBEDDINGS FOR 2406.08298v5_content.txt

INFO:all-distilroberta-v1_embs_INFO:STARTING TO EMBED: 2406.15955v2_content.txt
INFO:all-distilroberta-v1_embs_INFO:END OF FILE - SAVING EMBEDDINGS FOR 2406.15955v2_content.txt

INFO:all-distilroberta-v1_embs_INFO:STARTING TO EMBED: 2407.05941v4_content.txt
INFO:all-distilroberta-v1_embs_INFO:END OF FILE - SAVING EMBEDDINGS FOR 2407.05941v4_content.txt

INFO:all-distilroberta-v1_embs_INFO:STARTING TO EMBED: 2409.04405v2_content.txt
INFO:all-distilroberta-v1_embs_INFO:END OF FILE - SAVING EMBEDDINGS FOR 2409.04405v2_content.txt

INFO:all-distilroberta-v1_embs_INFO:STARTING TO EMBED: 2410.14845v2_content.txt
INFO:all-distilroberta-v1_embs_INFO:END OF FILE - SAVING EMBEDDINGS FOR 2410.14845v2_content.txt

INFO:all-distilroberta-v1_embs_INFO:STARTING TO EMBED: 2410.23279v3_content.txt
INFO:all-distilroberta-v1_embs_INFO:END OF FILE - SAVING EMBEDDINGS FOR 2410.23279v3_content.txt

INFO:all-distilroberta-v1_embs_INFO:STARTING TO EMBED: 2411.06091v1_content.txt
INFO:all-distilroberta-v1_embs_INFO:END OF FILE - SAVING EMBEDDINGS FOR 2411.06091v1_content.txt

INFO:all-distilroberta-v1_embs_INFO:STARTING TO EMBED: 2411.06786v1_content.txt
INFO:all-distilroberta-v1_embs_INFO:END OF FILE - SAVING EMBEDDINGS FOR 2411.06786v1_content.txt

INFO:all-distilroberta-v1_embs_INFO:STARTING TO EMBED: 2411.07265v2_content.txt
INFO:all-distilroberta-v1_embs_INFO:END OF FILE - SAVING EMBEDDINGS FOR 2411.07265v2_content.txt

INFO:all-distilroberta-v1_embs_INFO:STARTING TO EMBED: 2411.09101v1_content.txt
INFO:all-distilroberta-v1_embs_INFO:END OF FILE - SAVING EMBEDDINGS FOR 2411.09101v1_content.txt

INFO:all-distilroberta-v1_embs_INFO:STARTING TO EMBED: 2411.09420v1_content.txt
INFO:all-distilroberta-v1_embs_INFO:END OF FILE - SAVING EMBEDDINGS FOR 2411.09420v1_content.txt

INFO:all-distilroberta-v1_embs_INFO:STARTING TO EMBED: 2411.09598v1_content.txt
INFO:all-distilroberta-v1_embs_INFO:END OF FILE - SAVING EMBEDDINGS FOR 2411.09598v1_content.txt

INFO:all-distilroberta-v1_embs_INFO:STARTING TO EMBED: 2411.09702v1_content.txt
INFO:all-distilroberta-v1_embs_INFO:END OF FILE - SAVING EMBEDDINGS FOR 2411.09702v1_content.txt

INFO:all-distilroberta-v1_embs_INFO:STARTING TO EMBED: 2411.10718v3_content.txt
INFO:all-distilroberta-v1_embs_INFO:END OF FILE - SAVING EMBEDDINGS FOR 2411.10718v3_content.txt

INFO:all-distilroberta-v1_embs_INFO:STARTING TO EMBED: 2411.11214v1_content.txt
INFO:all-distilroberta-v1_embs_INFO:END OF FILE - SAVING EMBEDDINGS FOR 2411.11214v1_content.txt

INFO:all-distilroberta-v1_embs_INFO:STARTING TO EMBED: 2411.11376v1_content.txt
INFO:all-distilroberta-v1_embs_INFO:END OF FILE - SAVING EMBEDDINGS FOR 2411.11376v1_content.txt

INFO:all-distilroberta-v1_embs_INFO:STARTING TO EMBED: 2411.12028v1_content.txt
INFO:all-distilroberta-v1_embs_INFO:END OF FILE - SAVING EMBEDDINGS FOR 2411.12028v1_content.txt

INFO:all-distilroberta-v1_embs_INFO:STARTING TO EMBED: 2411.12874v1_content.txt
INFO:all-distilroberta-v1_embs_INFO:END OF FILE - SAVING EMBEDDINGS FOR 2411.12874v1_content.txt

INFO:all-distilroberta-v1_embs_INFO:STARTING TO EMBED: 2411.13037v1_content.txt
INFO:all-distilroberta-v1_embs_INFO:END OF FILE - SAVING EMBEDDINGS FOR 2411.13037v1_content.txt

INFO:all-distilroberta-v1_embs_INFO:STARTING TO EMBED: 2411.13321v1_content.txt
INFO:all-distilroberta-v1_embs_INFO:END OF FILE - SAVING EMBEDDINGS FOR 2411.13321v1_content.txt

INFO:all-distilroberta-v1_embs_INFO:STARTING TO EMBED: 2411.13400v1_content.txt
INFO:all-distilroberta-v1_embs_INFO:END OF FILE - SAVING EMBEDDINGS FOR 2411.13400v1_content.txt

INFO:all-distilroberta-v1_embs_INFO:STARTING TO EMBED: 2411.13423v1_content.txt
INFO:all-distilroberta-v1_embs_INFO:END OF FILE - SAVING EMBEDDINGS FOR 2411.13423v1_content.txt

INFO:all-distilroberta-v1_embs_INFO:STARTING TO EMBED: 2411.13520v1_content.txt
INFO:all-distilroberta-v1_embs_INFO:END OF FILE - SAVING EMBEDDINGS FOR 2411.13520v1_content.txt

INFO:all-distilroberta-v1_embs_INFO:STARTING TO EMBED: 2411.13778v1_content.txt
INFO:all-distilroberta-v1_embs_INFO:END OF FILE - SAVING EMBEDDINGS FOR 2411.13778v1_content.txt

INFO:all-distilroberta-v1_embs_INFO:STARTING TO EMBED: 2411.13913v1_content.txt
INFO:all-distilroberta-v1_embs_INFO:END OF FILE - SAVING EMBEDDINGS FOR 2411.13913v1_content.txt

INFO:all-distilroberta-v1_embs_INFO:STARTING TO EMBED: 2411.13929v1_content.txt
INFO:all-distilroberta-v1_embs_INFO:END OF FILE - SAVING EMBEDDINGS FOR 2411.13929v1_content.txt

INFO:all-distilroberta-v1_embs_INFO:STARTING TO EMBED: 2411.13953v1_content.txt
INFO:all-distilroberta-v1_embs_INFO:END OF FILE - SAVING EMBEDDINGS FOR 2411.13953v1_content.txt

INFO:all-distilroberta-v1_embs_INFO:STARTING TO EMBED: 2411.13975v1_content.txt
INFO:all-distilroberta-v1_embs_INFO:END OF FILE - SAVING EMBEDDINGS FOR 2411.13975v1_content.txt

INFO:all-distilroberta-v1_embs_INFO:STARTING TO EMBED: 2411.14040v1_content.txt
INFO:all-distilroberta-v1_embs_INFO:END OF FILE - SAVING EMBEDDINGS FOR 2411.14040v1_content.txt

INFO:all-distilroberta-v1_embs_INFO:STARTING TO EMBED: 2411.14057v1_content.txt
INFO:all-distilroberta-v1_embs_INFO:END OF FILE - SAVING EMBEDDINGS FOR 2411.14057v1_content.txt

INFO:all-distilroberta-v1_embs_INFO:STARTING TO EMBED: 2411.14109v1_content.txt
INFO:all-distilroberta-v1_embs_INFO:END OF FILE - SAVING EMBEDDINGS FOR 2411.14109v1_content.txt

INFO:all-distilroberta-v1_embs_INFO:STARTING TO EMBED: 2411.14172v1_content.txt
INFO:all-distilroberta-v1_embs_INFO:END OF FILE - SAVING EMBEDDINGS FOR 2411.14172v1_content.txt

INFO:all-distilroberta-v1_embs_INFO:STARTING TO EMBED: 2411.14179v1_content.txt
INFO:all-distilroberta-v1_embs_INFO:END OF FILE - SAVING EMBEDDINGS FOR 2411.14179v1_content.txt

INFO:all-distilroberta-v1_embs_INFO:STARTING TO EMBED: 2411.14354v1_content.txt
INFO:all-distilroberta-v1_embs_INFO:END OF FILE - SAVING EMBEDDINGS FOR 2411.14354v1_content.txt

INFO:all-distilroberta-v1_embs_INFO:STARTING TO EMBED: 2411.14392v1_content.txt
INFO:all-distilroberta-v1_embs_INFO:END OF FILE - SAVING EMBEDDINGS FOR 2411.14392v1_content.txt

INFO:all-distilroberta-v1_embs_INFO:STARTING TO EMBED: 2411.14412v1_content.txt
INFO:all-distilroberta-v1_embs_INFO:END OF FILE - SAVING EMBEDDINGS FOR 2411.14412v1_content.txt

INFO:all-distilroberta-v1_embs_INFO:STARTING TO EMBED: 2411.14427v1_content.txt
INFO:all-distilroberta-v1_embs_INFO:END OF FILE - SAVING EMBEDDINGS FOR 2411.14427v1_content.txt

ERROR:all-distilroberta-v1_embs_INFO:Error in Embedding Process: {ex}
INFO:all-distilroberta-v1_embs_INFO:STARTING EMBEDDING PROCESS!

INFO:all-distilroberta-v1_embs_INFO:STARTING TO EMBED: 2308.07279v2_content.txt
INFO:all-distilroberta-v1_embs_INFO:END OF FILE - SAVING EMBEDDINGS FOR 2308.07279v2_content.txt

INFO:all-distilroberta-v1_embs_INFO:STARTING TO EMBED: 2311.00207v3_content.txt
INFO:all-distilroberta-v1_embs_INFO:END OF FILE - SAVING EMBEDDINGS FOR 2311.00207v3_content.txt

INFO:all-distilroberta-v1_embs_INFO:STARTING TO EMBED: 2312.09440v2_content.txt
INFO:all-distilroberta-v1_embs_INFO:END OF FILE - SAVING EMBEDDINGS FOR 2312.09440v2_content.txt

INFO:all-distilroberta-v1_embs_INFO:STARTING TO EMBED: 2403.03802v2_content.txt
INFO:all-distilroberta-v1_embs_INFO:END OF FILE - SAVING EMBEDDINGS FOR 2403.03802v2_content.txt

INFO:all-distilroberta-v1_embs_INFO:STARTING TO EMBED: 2403.11585v3_content.txt
INFO:all-distilroberta-v1_embs_INFO:END OF FILE - SAVING EMBEDDINGS FOR 2403.11585v3_content.txt

INFO:all-distilroberta-v1_embs_INFO:STARTING TO EMBED: 2403.12778v2_content.txt
INFO:all-distilroberta-v1_embs_INFO:END OF FILE - SAVING EMBEDDINGS FOR 2403.12778v2_content.txt

INFO:all-distilroberta-v1_embs_INFO:STARTING TO EMBED: 2404.01415v2_content.txt
INFO:all-distilroberta-v1_embs_INFO:END OF FILE - SAVING EMBEDDINGS FOR 2404.01415v2_content.txt

INFO:all-distilroberta-v1_embs_INFO:STARTING TO EMBED: 2405.17388v2_content.txt
INFO:all-distilroberta-v1_embs_INFO:END OF FILE - SAVING EMBEDDINGS FOR 2405.17388v2_content.txt

INFO:all-distilroberta-v1_embs_INFO:STARTING TO EMBED: 2406.08298v5_content.txt
INFO:all-distilroberta-v1_embs_INFO:END OF FILE - SAVING EMBEDDINGS FOR 2406.08298v5_content.txt

INFO:all-distilroberta-v1_embs_INFO:STARTING TO EMBED: 2406.15955v2_content.txt
INFO:all-distilroberta-v1_embs_INFO:END OF FILE - SAVING EMBEDDINGS FOR 2406.15955v2_content.txt

INFO:all-distilroberta-v1_embs_INFO:STARTING TO EMBED: 2407.05941v4_content.txt
INFO:all-distilroberta-v1_embs_INFO:END OF FILE - SAVING EMBEDDINGS FOR 2407.05941v4_content.txt

INFO:all-distilroberta-v1_embs_INFO:STARTING TO EMBED: 2409.04405v2_content.txt
INFO:all-distilroberta-v1_embs_INFO:END OF FILE - SAVING EMBEDDINGS FOR 2409.04405v2_content.txt

INFO:all-distilroberta-v1_embs_INFO:STARTING TO EMBED: 2410.14845v2_content.txt
INFO:all-distilroberta-v1_embs_INFO:END OF FILE - SAVING EMBEDDINGS FOR 2410.14845v2_content.txt

INFO:all-distilroberta-v1_embs_INFO:STARTING TO EMBED: 2410.23279v3_content.txt
INFO:all-distilroberta-v1_embs_INFO:END OF FILE - SAVING EMBEDDINGS FOR 2410.23279v3_content.txt

INFO:all-distilroberta-v1_embs_INFO:STARTING TO EMBED: 2411.06091v1_content.txt
INFO:all-distilroberta-v1_embs_INFO:END OF FILE - SAVING EMBEDDINGS FOR 2411.06091v1_content.txt

INFO:all-distilroberta-v1_embs_INFO:STARTING TO EMBED: 2411.06786v1_content.txt
INFO:all-distilroberta-v1_embs_INFO:END OF FILE - SAVING EMBEDDINGS FOR 2411.06786v1_content.txt

INFO:all-distilroberta-v1_embs_INFO:STARTING TO EMBED: 2411.07265v2_content.txt
INFO:all-distilroberta-v1_embs_INFO:END OF FILE - SAVING EMBEDDINGS FOR 2411.07265v2_content.txt

INFO:all-distilroberta-v1_embs_INFO:STARTING TO EMBED: 2411.09101v1_content.txt
INFO:all-distilroberta-v1_embs_INFO:END OF FILE - SAVING EMBEDDINGS FOR 2411.09101v1_content.txt

INFO:all-distilroberta-v1_embs_INFO:STARTING TO EMBED: 2411.09420v1_content.txt
INFO:all-distilroberta-v1_embs_INFO:END OF FILE - SAVING EMBEDDINGS FOR 2411.09420v1_content.txt

INFO:all-distilroberta-v1_embs_INFO:STARTING TO EMBED: 2411.09598v1_content.txt
INFO:all-distilroberta-v1_embs_INFO:END OF FILE - SAVING EMBEDDINGS FOR 2411.09598v1_content.txt

INFO:all-distilroberta-v1_embs_INFO:STARTING TO EMBED: 2411.09702v1_content.txt
INFO:all-distilroberta-v1_embs_INFO:END OF FILE - SAVING EMBEDDINGS FOR 2411.09702v1_content.txt

INFO:all-distilroberta-v1_embs_INFO:STARTING TO EMBED: 2411.10718v3_content.txt
INFO:all-distilroberta-v1_embs_INFO:END OF FILE - SAVING EMBEDDINGS FOR 2411.10718v3_content.txt

INFO:all-distilroberta-v1_embs_INFO:STARTING TO EMBED: 2411.11214v1_content.txt
INFO:all-distilroberta-v1_embs_INFO:END OF FILE - SAVING EMBEDDINGS FOR 2411.11214v1_content.txt

INFO:all-distilroberta-v1_embs_INFO:STARTING TO EMBED: 2411.11376v1_content.txt
INFO:all-distilroberta-v1_embs_INFO:END OF FILE - SAVING EMBEDDINGS FOR 2411.11376v1_content.txt

INFO:all-distilroberta-v1_embs_INFO:STARTING TO EMBED: 2411.12028v1_content.txt
INFO:all-distilroberta-v1_embs_INFO:END OF FILE - SAVING EMBEDDINGS FOR 2411.12028v1_content.txt

INFO:all-distilroberta-v1_embs_INFO:STARTING TO EMBED: 2411.12874v1_content.txt
INFO:all-distilroberta-v1_embs_INFO:END OF FILE - SAVING EMBEDDINGS FOR 2411.12874v1_content.txt

INFO:all-distilroberta-v1_embs_INFO:STARTING TO EMBED: 2411.13037v1_content.txt
INFO:all-distilroberta-v1_embs_INFO:END OF FILE - SAVING EMBEDDINGS FOR 2411.13037v1_content.txt

INFO:all-distilroberta-v1_embs_INFO:STARTING TO EMBED: 2411.13321v1_content.txt
INFO:all-distilroberta-v1_embs_INFO:END OF FILE - SAVING EMBEDDINGS FOR 2411.13321v1_content.txt

INFO:all-distilroberta-v1_embs_INFO:STARTING TO EMBED: 2411.13400v1_content.txt
INFO:all-distilroberta-v1_embs_INFO:END OF FILE - SAVING EMBEDDINGS FOR 2411.13400v1_content.txt

INFO:all-distilroberta-v1_embs_INFO:STARTING TO EMBED: 2411.13423v1_content.txt
INFO:all-distilroberta-v1_embs_INFO:END OF FILE - SAVING EMBEDDINGS FOR 2411.13423v1_content.txt

INFO:all-distilroberta-v1_embs_INFO:STARTING TO EMBED: 2411.13520v1_content.txt
INFO:all-distilroberta-v1_embs_INFO:END OF FILE - SAVING EMBEDDINGS FOR 2411.13520v1_content.txt

INFO:all-distilroberta-v1_embs_INFO:STARTING TO EMBED: 2411.13778v1_content.txt
INFO:all-distilroberta-v1_embs_INFO:END OF FILE - SAVING EMBEDDINGS FOR 2411.13778v1_content.txt

INFO:all-distilroberta-v1_embs_INFO:STARTING TO EMBED: 2411.13913v1_content.txt
INFO:all-distilroberta-v1_embs_INFO:END OF FILE - SAVING EMBEDDINGS FOR 2411.13913v1_content.txt

INFO:all-distilroberta-v1_embs_INFO:STARTING TO EMBED: 2411.13929v1_content.txt
INFO:all-distilroberta-v1_embs_INFO:END OF FILE - SAVING EMBEDDINGS FOR 2411.13929v1_content.txt

INFO:all-distilroberta-v1_embs_INFO:STARTING TO EMBED: 2411.13953v1_content.txt
INFO:all-distilroberta-v1_embs_INFO:END OF FILE - SAVING EMBEDDINGS FOR 2411.13953v1_content.txt

INFO:all-distilroberta-v1_embs_INFO:STARTING TO EMBED: 2411.13975v1_content.txt
INFO:all-distilroberta-v1_embs_INFO:END OF FILE - SAVING EMBEDDINGS FOR 2411.13975v1_content.txt

INFO:all-distilroberta-v1_embs_INFO:STARTING TO EMBED: 2411.14040v1_content.txt
INFO:all-distilroberta-v1_embs_INFO:END OF FILE - SAVING EMBEDDINGS FOR 2411.14040v1_content.txt

INFO:all-distilroberta-v1_embs_INFO:STARTING TO EMBED: 2411.14057v1_content.txt
INFO:all-distilroberta-v1_embs_INFO:END OF FILE - SAVING EMBEDDINGS FOR 2411.14057v1_content.txt

INFO:all-distilroberta-v1_embs_INFO:STARTING TO EMBED: 2411.14109v1_content.txt
INFO:all-distilroberta-v1_embs_INFO:END OF FILE - SAVING EMBEDDINGS FOR 2411.14109v1_content.txt

INFO:all-distilroberta-v1_embs_INFO:STARTING TO EMBED: 2411.14172v1_content.txt
INFO:all-distilroberta-v1_embs_INFO:END OF FILE - SAVING EMBEDDINGS FOR 2411.14172v1_content.txt

INFO:all-distilroberta-v1_embs_INFO:STARTING TO EMBED: 2411.14179v1_content.txt
INFO:all-distilroberta-v1_embs_INFO:END OF FILE - SAVING EMBEDDINGS FOR 2411.14179v1_content.txt

INFO:all-distilroberta-v1_embs_INFO:STARTING TO EMBED: 2411.14354v1_content.txt
INFO:all-distilroberta-v1_embs_INFO:END OF FILE - SAVING EMBEDDINGS FOR 2411.14354v1_content.txt

INFO:all-distilroberta-v1_embs_INFO:STARTING TO EMBED: 2411.14392v1_content.txt
INFO:all-distilroberta-v1_embs_INFO:END OF FILE - SAVING EMBEDDINGS FOR 2411.14392v1_content.txt

INFO:all-distilroberta-v1_embs_INFO:STARTING TO EMBED: 2411.14412v1_content.txt
INFO:all-distilroberta-v1_embs_INFO:END OF FILE - SAVING EMBEDDINGS FOR 2411.14412v1_content.txt

INFO:all-distilroberta-v1_embs_INFO:STARTING TO EMBED: 2411.14427v1_content.txt
INFO:all-distilroberta-v1_embs_INFO:END OF FILE - SAVING EMBEDDINGS FOR 2411.14427v1_content.txt

INFO:all-distilroberta-v1_embs_INFO:Ending Embedding Process
INFO:sentence_transformers.trainer:Saving model checkpoint to training/all-distilroberta-v1\checkpoint-100
INFO:sentence_transformers.SentenceTransformer:Save model to training/all-distilroberta-v1\checkpoint-100
INFO:sentence_transformers.trainer:Saving model checkpoint to training/all-distilroberta-v1\checkpoint-200
INFO:sentence_transformers.SentenceTransformer:Save model to training/all-distilroberta-v1\checkpoint-200
INFO:sentence_transformers.trainer:Saving model checkpoint to training/all-distilroberta-v1\checkpoint-300
INFO:sentence_transformers.SentenceTransformer:Save model to training/all-distilroberta-v1\checkpoint-300
WARNING:sentence_transformers.training_args:Currently using DataParallel (DP) for multi-gpu training, while DistributedDataParallel (DDP) is recommended for faster training. See https://sbert.net/docs/sentence_transformer/training/distributed.html for more information.
WARNING:accelerate.utils.other:Detected kernel version 4.18.0, which is below the recommended minimum of 5.5.0; this can cause the process to hang. It is recommended to upgrade the kernel to the minimum version or higher.
WARNING:sentence_transformers.training_args:Currently using DataParallel (DP) for multi-gpu training, while DistributedDataParallel (DDP) is recommended for faster training. See https://sbert.net/docs/sentence_transformer/training/distributed.html for more information.
WARNING:accelerate.utils.other:Detected kernel version 4.18.0, which is below the recommended minimum of 5.5.0; this can cause the process to hang. It is recommended to upgrade the kernel to the minimum version or higher.
WARNING:sentence_transformers.training_args:Currently using DataParallel (DP) for multi-gpu training, while DistributedDataParallel (DDP) is recommended for faster training. See https://sbert.net/docs/sentence_transformer/training/distributed.html for more information.
WARNING:accelerate.utils.other:Detected kernel version 4.18.0, which is below the recommended minimum of 5.5.0; this can cause the process to hang. It is recommended to upgrade the kernel to the minimum version or higher.
WARNING:sentence_transformers.training_args:Currently using DataParallel (DP) for multi-gpu training, while DistributedDataParallel (DDP) is recommended for faster training. See https://sbert.net/docs/sentence_transformer/training/distributed.html for more information.
WARNING:accelerate.utils.other:Detected kernel version 4.18.0, which is below the recommended minimum of 5.5.0; this can cause the process to hang. It is recommended to upgrade the kernel to the minimum version or higher.
WARNING:sentence_transformers.training_args:Currently using DataParallel (DP) for multi-gpu training, while DistributedDataParallel (DDP) is recommended for faster training. See https://sbert.net/docs/sentence_transformer/training/distributed.html for more information.
WARNING:accelerate.utils.other:Detected kernel version 4.18.0, which is below the recommended minimum of 5.5.0; this can cause the process to hang. It is recommended to upgrade the kernel to the minimum version or higher.
INFO:sentence_transformers.trainer:Saving model checkpoint to training/all-distilroberta-v1/checkpoint-100
INFO:sentence_transformers.SentenceTransformer:Save model to training/all-distilroberta-v1/checkpoint-100
INFO:sentence_transformers.trainer:Saving model checkpoint to training/all-distilroberta-v1/checkpoint-200
INFO:sentence_transformers.SentenceTransformer:Save model to training/all-distilroberta-v1/checkpoint-200
INFO:sentence_transformers.trainer:Saving model checkpoint to training/all-distilroberta-v1/checkpoint-300
INFO:sentence_transformers.SentenceTransformer:Save model to training/all-distilroberta-v1/checkpoint-300
INFO:sentence_transformers.trainer:Saving model checkpoint to training/all-distilroberta-v1/checkpoint-400
INFO:sentence_transformers.SentenceTransformer:Save model to training/all-distilroberta-v1/checkpoint-400
INFO:sentence_transformers.trainer:Saving model checkpoint to training/all-distilroberta-v1/checkpoint-500
INFO:sentence_transformers.SentenceTransformer:Save model to training/all-distilroberta-v1/checkpoint-500
INFO:sentence_transformers.trainer:Saving model checkpoint to training/all-distilroberta-v1/checkpoint-600
INFO:sentence_transformers.SentenceTransformer:Save model to training/all-distilroberta-v1/checkpoint-600
INFO:sentence_transformers.trainer:Saving model checkpoint to training/all-distilroberta-v1/checkpoint-700
INFO:sentence_transformers.SentenceTransformer:Save model to training/all-distilroberta-v1/checkpoint-700
INFO:sentence_transformers.trainer:Saving model checkpoint to training/all-distilroberta-v1/checkpoint-800
INFO:sentence_transformers.SentenceTransformer:Save model to training/all-distilroberta-v1/checkpoint-800
INFO:sentence_transformers.trainer:Saving model checkpoint to training/all-distilroberta-v1/checkpoint-900
INFO:sentence_transformers.SentenceTransformer:Save model to training/all-distilroberta-v1/checkpoint-900
INFO:sentence_transformers.trainer:Saving model checkpoint to training/all-distilroberta-v1/checkpoint-1000
INFO:sentence_transformers.SentenceTransformer:Save model to training/all-distilroberta-v1/checkpoint-1000
INFO:sentence_transformers.trainer:Saving model checkpoint to training/all-distilroberta-v1/checkpoint-1100
INFO:sentence_transformers.SentenceTransformer:Save model to training/all-distilroberta-v1/checkpoint-1100
INFO:sentence_transformers.trainer:Saving model checkpoint to training/all-distilroberta-v1/checkpoint-1200
INFO:sentence_transformers.SentenceTransformer:Save model to training/all-distilroberta-v1/checkpoint-1200
INFO:sentence_transformers.trainer:Saving model checkpoint to training/all-distilroberta-v1/checkpoint-1300
INFO:sentence_transformers.SentenceTransformer:Save model to training/all-distilroberta-v1/checkpoint-1300
INFO:sentence_transformers.trainer:Saving model checkpoint to training/all-distilroberta-v1/checkpoint-1400
INFO:sentence_transformers.SentenceTransformer:Save model to training/all-distilroberta-v1/checkpoint-1400
INFO:sentence_transformers.trainer:Saving model checkpoint to training/all-distilroberta-v1/checkpoint-1500
INFO:sentence_transformers.SentenceTransformer:Save model to training/all-distilroberta-v1/checkpoint-1500
INFO:sentence_transformers.trainer:Saving model checkpoint to training/all-distilroberta-v1/checkpoint-1600
INFO:sentence_transformers.SentenceTransformer:Save model to training/all-distilroberta-v1/checkpoint-1600
INFO:sentence_transformers.trainer:Saving model checkpoint to training/all-distilroberta-v1/checkpoint-1700
INFO:sentence_transformers.SentenceTransformer:Save model to training/all-distilroberta-v1/checkpoint-1700
INFO:sentence_transformers.trainer:Saving model checkpoint to training/all-distilroberta-v1/checkpoint-1800
INFO:sentence_transformers.SentenceTransformer:Save model to training/all-distilroberta-v1/checkpoint-1800
INFO:sentence_transformers.trainer:Saving model checkpoint to training/all-distilroberta-v1/checkpoint-1900
INFO:sentence_transformers.SentenceTransformer:Save model to training/all-distilroberta-v1/checkpoint-1900
INFO:sentence_transformers.trainer:Saving model checkpoint to training/all-distilroberta-v1/checkpoint-2000
INFO:sentence_transformers.SentenceTransformer:Save model to training/all-distilroberta-v1/checkpoint-2000
INFO:sentence_transformers.trainer:Saving model checkpoint to training/all-distilroberta-v1/checkpoint-2100
INFO:sentence_transformers.SentenceTransformer:Save model to training/all-distilroberta-v1/checkpoint-2100
INFO:sentence_transformers.trainer:Saving model checkpoint to training/all-distilroberta-v1/checkpoint-2200
INFO:sentence_transformers.SentenceTransformer:Save model to training/all-distilroberta-v1/checkpoint-2200
INFO:sentence_transformers.trainer:Saving model checkpoint to training/all-distilroberta-v1/checkpoint-2300
INFO:sentence_transformers.SentenceTransformer:Save model to training/all-distilroberta-v1/checkpoint-2300
INFO:sentence_transformers.trainer:Saving model checkpoint to training/all-distilroberta-v1/checkpoint-2400
INFO:sentence_transformers.SentenceTransformer:Save model to training/all-distilroberta-v1/checkpoint-2400
INFO:sentence_transformers.trainer:Saving model checkpoint to training/all-distilroberta-v1/checkpoint-2500
INFO:sentence_transformers.SentenceTransformer:Save model to training/all-distilroberta-v1/checkpoint-2500
INFO:sentence_transformers.trainer:Saving model checkpoint to training/all-distilroberta-v1/checkpoint-2600
INFO:sentence_transformers.SentenceTransformer:Save model to training/all-distilroberta-v1/checkpoint-2600
INFO:sentence_transformers.trainer:Saving model checkpoint to training/all-distilroberta-v1/checkpoint-2700
INFO:sentence_transformers.SentenceTransformer:Save model to training/all-distilroberta-v1/checkpoint-2700
INFO:sentence_transformers.trainer:Saving model checkpoint to training/all-distilroberta-v1/checkpoint-2800
INFO:sentence_transformers.SentenceTransformer:Save model to training/all-distilroberta-v1/checkpoint-2800
INFO:sentence_transformers.trainer:Saving model checkpoint to training/all-distilroberta-v1/checkpoint-2900
INFO:sentence_transformers.SentenceTransformer:Save model to training/all-distilroberta-v1/checkpoint-2900
INFO:sentence_transformers.trainer:Saving model checkpoint to training/all-distilroberta-v1/checkpoint-2980
INFO:sentence_transformers.SentenceTransformer:Save model to training/all-distilroberta-v1/checkpoint-2980
INFO:sentence_transformers.SentenceTransformer:Save model to /data/users/roota5351/my_cs426/group_5/SchSearch/scholarly-search/weights/semsim3
WARNING:sentence_transformers.training_args:Currently using DataParallel (DP) for multi-gpu training, while DistributedDataParallel (DDP) is recommended for faster training. See https://sbert.net/docs/sentence_transformer/training/distributed.html for more information.
WARNING:accelerate.utils.other:Detected kernel version 4.18.0, which is below the recommended minimum of 5.5.0; this can cause the process to hang. It is recommended to upgrade the kernel to the minimum version or higher.
INFO:sentence_transformers.trainer:Saving model checkpoint to training/all-distilroberta-v1_1/checkpoint-100
INFO:sentence_transformers.SentenceTransformer:Save model to training/all-distilroberta-v1_1/checkpoint-100
INFO:sentence_transformers.trainer:Saving model checkpoint to training/all-distilroberta-v1_1/checkpoint-200
INFO:sentence_transformers.SentenceTransformer:Save model to training/all-distilroberta-v1_1/checkpoint-200
INFO:sentence_transformers.trainer:Saving model checkpoint to training/all-distilroberta-v1_1/checkpoint-300
INFO:sentence_transformers.SentenceTransformer:Save model to training/all-distilroberta-v1_1/checkpoint-300
INFO:sentence_transformers.trainer:Saving model checkpoint to training/all-distilroberta-v1_1/checkpoint-400
INFO:sentence_transformers.SentenceTransformer:Save model to training/all-distilroberta-v1_1/checkpoint-400
INFO:sentence_transformers.trainer:Saving model checkpoint to training/all-distilroberta-v1_1/checkpoint-500
INFO:sentence_transformers.SentenceTransformer:Save model to training/all-distilroberta-v1_1/checkpoint-500
INFO:sentence_transformers.trainer:Saving model checkpoint to training/all-distilroberta-v1_1/checkpoint-600
INFO:sentence_transformers.SentenceTransformer:Save model to training/all-distilroberta-v1_1/checkpoint-600
INFO:sentence_transformers.trainer:Saving model checkpoint to training/all-distilroberta-v1_1/checkpoint-700
INFO:sentence_transformers.SentenceTransformer:Save model to training/all-distilroberta-v1_1/checkpoint-700
INFO:sentence_transformers.trainer:Saving model checkpoint to training/all-distilroberta-v1_1/checkpoint-800
INFO:sentence_transformers.SentenceTransformer:Save model to training/all-distilroberta-v1_1/checkpoint-800
INFO:sentence_transformers.trainer:Saving model checkpoint to training/all-distilroberta-v1_1/checkpoint-900
INFO:sentence_transformers.SentenceTransformer:Save model to training/all-distilroberta-v1_1/checkpoint-900
INFO:sentence_transformers.trainer:Saving model checkpoint to training/all-distilroberta-v1_1/checkpoint-1000
INFO:sentence_transformers.SentenceTransformer:Save model to training/all-distilroberta-v1_1/checkpoint-1000
INFO:sentence_transformers.trainer:Saving model checkpoint to training/all-distilroberta-v1_1/checkpoint-1100
INFO:sentence_transformers.SentenceTransformer:Save model to training/all-distilroberta-v1_1/checkpoint-1100
INFO:sentence_transformers.trainer:Saving model checkpoint to training/all-distilroberta-v1_1/checkpoint-1200
INFO:sentence_transformers.SentenceTransformer:Save model to training/all-distilroberta-v1_1/checkpoint-1200
INFO:sentence_transformers.trainer:Saving model checkpoint to training/all-distilroberta-v1_1/checkpoint-1300
INFO:sentence_transformers.SentenceTransformer:Save model to training/all-distilroberta-v1_1/checkpoint-1300
INFO:sentence_transformers.trainer:Saving model checkpoint to training/all-distilroberta-v1_1/checkpoint-1400
INFO:sentence_transformers.SentenceTransformer:Save model to training/all-distilroberta-v1_1/checkpoint-1400
INFO:sentence_transformers.trainer:Saving model checkpoint to training/all-distilroberta-v1_1/checkpoint-1500
INFO:sentence_transformers.SentenceTransformer:Save model to training/all-distilroberta-v1_1/checkpoint-1500
INFO:sentence_transformers.trainer:Saving model checkpoint to training/all-distilroberta-v1_1/checkpoint-1600
INFO:sentence_transformers.SentenceTransformer:Save model to training/all-distilroberta-v1_1/checkpoint-1600
INFO:sentence_transformers.trainer:Saving model checkpoint to training/all-distilroberta-v1_1/checkpoint-1700
INFO:sentence_transformers.SentenceTransformer:Save model to training/all-distilroberta-v1_1/checkpoint-1700
INFO:sentence_transformers.trainer:Saving model checkpoint to training/all-distilroberta-v1_1/checkpoint-1800
INFO:sentence_transformers.SentenceTransformer:Save model to training/all-distilroberta-v1_1/checkpoint-1800
INFO:sentence_transformers.trainer:Saving model checkpoint to training/all-distilroberta-v1_1/checkpoint-1900
INFO:sentence_transformers.SentenceTransformer:Save model to training/all-distilroberta-v1_1/checkpoint-1900
INFO:sentence_transformers.trainer:Saving model checkpoint to training/all-distilroberta-v1_1/checkpoint-2000
INFO:sentence_transformers.SentenceTransformer:Save model to training/all-distilroberta-v1_1/checkpoint-2000
INFO:sentence_transformers.trainer:Saving model checkpoint to training/all-distilroberta-v1_1/checkpoint-2100
INFO:sentence_transformers.SentenceTransformer:Save model to training/all-distilroberta-v1_1/checkpoint-2100
INFO:sentence_transformers.trainer:Saving model checkpoint to training/all-distilroberta-v1_1/checkpoint-2200
INFO:sentence_transformers.SentenceTransformer:Save model to training/all-distilroberta-v1_1/checkpoint-2200
INFO:sentence_transformers.trainer:Saving model checkpoint to training/all-distilroberta-v1_1/checkpoint-2300
INFO:sentence_transformers.SentenceTransformer:Save model to training/all-distilroberta-v1_1/checkpoint-2300
INFO:sentence_transformers.trainer:Saving model checkpoint to training/all-distilroberta-v1_1/checkpoint-2400
INFO:sentence_transformers.SentenceTransformer:Save model to training/all-distilroberta-v1_1/checkpoint-2400
INFO:sentence_transformers.trainer:Saving model checkpoint to training/all-distilroberta-v1_1/checkpoint-2500
INFO:sentence_transformers.SentenceTransformer:Save model to training/all-distilroberta-v1_1/checkpoint-2500
INFO:sentence_transformers.trainer:Saving model checkpoint to training/all-distilroberta-v1_1/checkpoint-2600
INFO:sentence_transformers.SentenceTransformer:Save model to training/all-distilroberta-v1_1/checkpoint-2600
INFO:sentence_transformers.trainer:Saving model checkpoint to training/all-distilroberta-v1_1/checkpoint-2700
INFO:sentence_transformers.SentenceTransformer:Save model to training/all-distilroberta-v1_1/checkpoint-2700
INFO:sentence_transformers.trainer:Saving model checkpoint to training/all-distilroberta-v1_1/checkpoint-2800
INFO:sentence_transformers.SentenceTransformer:Save model to training/all-distilroberta-v1_1/checkpoint-2800
INFO:sentence_transformers.trainer:Saving model checkpoint to training/all-distilroberta-v1_1/checkpoint-2900
INFO:sentence_transformers.SentenceTransformer:Save model to training/all-distilroberta-v1_1/checkpoint-2900
INFO:sentence_transformers.trainer:Saving model checkpoint to training/all-distilroberta-v1_1/checkpoint-3000
INFO:sentence_transformers.SentenceTransformer:Save model to training/all-distilroberta-v1_1/checkpoint-3000
INFO:sentence_transformers.trainer:Saving model checkpoint to training/all-distilroberta-v1_1/checkpoint-3100
INFO:sentence_transformers.SentenceTransformer:Save model to training/all-distilroberta-v1_1/checkpoint-3100
INFO:sentence_transformers.trainer:Saving model checkpoint to training/all-distilroberta-v1_1/checkpoint-3200
INFO:sentence_transformers.SentenceTransformer:Save model to training/all-distilroberta-v1_1/checkpoint-3200
INFO:sentence_transformers.trainer:Saving model checkpoint to training/all-distilroberta-v1_1/checkpoint-3300
INFO:sentence_transformers.SentenceTransformer:Save model to training/all-distilroberta-v1_1/checkpoint-3300
INFO:sentence_transformers.trainer:Saving model checkpoint to training/all-distilroberta-v1_1/checkpoint-3400
INFO:sentence_transformers.SentenceTransformer:Save model to training/all-distilroberta-v1_1/checkpoint-3400
INFO:sentence_transformers.trainer:Saving model checkpoint to training/all-distilroberta-v1_1/checkpoint-3500
INFO:sentence_transformers.SentenceTransformer:Save model to training/all-distilroberta-v1_1/checkpoint-3500
INFO:sentence_transformers.trainer:Saving model checkpoint to training/all-distilroberta-v1_1/checkpoint-3600
INFO:sentence_transformers.SentenceTransformer:Save model to training/all-distilroberta-v1_1/checkpoint-3600
INFO:sentence_transformers.trainer:Saving model checkpoint to training/all-distilroberta-v1_1/checkpoint-3700
INFO:sentence_transformers.SentenceTransformer:Save model to training/all-distilroberta-v1_1/checkpoint-3700
INFO:sentence_transformers.trainer:Saving model checkpoint to training/all-distilroberta-v1_1/checkpoint-3800
INFO:sentence_transformers.SentenceTransformer:Save model to training/all-distilroberta-v1_1/checkpoint-3800
INFO:sentence_transformers.trainer:Saving model checkpoint to training/all-distilroberta-v1_1/checkpoint-3900
INFO:sentence_transformers.SentenceTransformer:Save model to training/all-distilroberta-v1_1/checkpoint-3900
INFO:sentence_transformers.trainer:Saving model checkpoint to training/all-distilroberta-v1_1/checkpoint-4000
INFO:sentence_transformers.SentenceTransformer:Save model to training/all-distilroberta-v1_1/checkpoint-4000
INFO:sentence_transformers.trainer:Saving model checkpoint to training/all-distilroberta-v1_1/checkpoint-4100
INFO:sentence_transformers.SentenceTransformer:Save model to training/all-distilroberta-v1_1/checkpoint-4100
INFO:sentence_transformers.trainer:Saving model checkpoint to training/all-distilroberta-v1_1/checkpoint-4200
INFO:sentence_transformers.SentenceTransformer:Save model to training/all-distilroberta-v1_1/checkpoint-4200
INFO:sentence_transformers.trainer:Saving model checkpoint to training/all-distilroberta-v1_1/checkpoint-4300
INFO:sentence_transformers.SentenceTransformer:Save model to training/all-distilroberta-v1_1/checkpoint-4300
INFO:sentence_transformers.trainer:Saving model checkpoint to training/all-distilroberta-v1_1/checkpoint-4400
INFO:sentence_transformers.SentenceTransformer:Save model to training/all-distilroberta-v1_1/checkpoint-4400
INFO:sentence_transformers.trainer:Saving model checkpoint to training/all-distilroberta-v1_1/checkpoint-4500
INFO:sentence_transformers.SentenceTransformer:Save model to training/all-distilroberta-v1_1/checkpoint-4500
INFO:sentence_transformers.trainer:Saving model checkpoint to training/all-distilroberta-v1_1/checkpoint-4600
INFO:sentence_transformers.SentenceTransformer:Save model to training/all-distilroberta-v1_1/checkpoint-4600
INFO:sentence_transformers.trainer:Saving model checkpoint to training/all-distilroberta-v1_1/checkpoint-4700
INFO:sentence_transformers.SentenceTransformer:Save model to training/all-distilroberta-v1_1/checkpoint-4700
INFO:sentence_transformers.trainer:Saving model checkpoint to training/all-distilroberta-v1_1/checkpoint-4800
INFO:sentence_transformers.SentenceTransformer:Save model to training/all-distilroberta-v1_1/checkpoint-4800
INFO:sentence_transformers.trainer:Saving model checkpoint to training/all-distilroberta-v1_1/checkpoint-4900
INFO:sentence_transformers.SentenceTransformer:Save model to training/all-distilroberta-v1_1/checkpoint-4900
INFO:sentence_transformers.trainer:Saving model checkpoint to training/all-distilroberta-v1_1/checkpoint-5000
INFO:sentence_transformers.SentenceTransformer:Save model to training/all-distilroberta-v1_1/checkpoint-5000
INFO:sentence_transformers.trainer:Saving model checkpoint to training/all-distilroberta-v1_1/checkpoint-5100
INFO:sentence_transformers.SentenceTransformer:Save model to training/all-distilroberta-v1_1/checkpoint-5100
INFO:sentence_transformers.trainer:Saving model checkpoint to training/all-distilroberta-v1_1/checkpoint-5200
INFO:sentence_transformers.SentenceTransformer:Save model to training/all-distilroberta-v1_1/checkpoint-5200
INFO:sentence_transformers.trainer:Saving model checkpoint to training/all-distilroberta-v1_1/checkpoint-5300
INFO:sentence_transformers.SentenceTransformer:Save model to training/all-distilroberta-v1_1/checkpoint-5300
INFO:sentence_transformers.trainer:Saving model checkpoint to training/all-distilroberta-v1_1/checkpoint-5400
INFO:sentence_transformers.SentenceTransformer:Save model to training/all-distilroberta-v1_1/checkpoint-5400
INFO:sentence_transformers.trainer:Saving model checkpoint to training/all-distilroberta-v1_1/checkpoint-5500
INFO:sentence_transformers.SentenceTransformer:Save model to training/all-distilroberta-v1_1/checkpoint-5500
INFO:sentence_transformers.trainer:Saving model checkpoint to training/all-distilroberta-v1_1/checkpoint-5600
INFO:sentence_transformers.SentenceTransformer:Save model to training/all-distilroberta-v1_1/checkpoint-5600
INFO:sentence_transformers.trainer:Saving model checkpoint to training/all-distilroberta-v1_1/checkpoint-5700
INFO:sentence_transformers.SentenceTransformer:Save model to training/all-distilroberta-v1_1/checkpoint-5700
INFO:sentence_transformers.trainer:Saving model checkpoint to training/all-distilroberta-v1_1/checkpoint-5800
INFO:sentence_transformers.SentenceTransformer:Save model to training/all-distilroberta-v1_1/checkpoint-5800
INFO:sentence_transformers.trainer:Saving model checkpoint to training/all-distilroberta-v1_1/checkpoint-5900
INFO:sentence_transformers.SentenceTransformer:Save model to training/all-distilroberta-v1_1/checkpoint-5900
INFO:sentence_transformers.trainer:Saving model checkpoint to training/all-distilroberta-v1_1/checkpoint-6000
INFO:sentence_transformers.SentenceTransformer:Save model to training/all-distilroberta-v1_1/checkpoint-6000
INFO:sentence_transformers.trainer:Saving model checkpoint to training/all-distilroberta-v1_1/checkpoint-6100
INFO:sentence_transformers.SentenceTransformer:Save model to training/all-distilroberta-v1_1/checkpoint-6100
INFO:sentence_transformers.trainer:Saving model checkpoint to training/all-distilroberta-v1_1/checkpoint-6200
INFO:sentence_transformers.SentenceTransformer:Save model to training/all-distilroberta-v1_1/checkpoint-6200
INFO:sentence_transformers.trainer:Saving model checkpoint to training/all-distilroberta-v1_1/checkpoint-6300
INFO:sentence_transformers.SentenceTransformer:Save model to training/all-distilroberta-v1_1/checkpoint-6300
INFO:sentence_transformers.trainer:Saving model checkpoint to training/all-distilroberta-v1_1/checkpoint-6400
INFO:sentence_transformers.SentenceTransformer:Save model to training/all-distilroberta-v1_1/checkpoint-6400
INFO:sentence_transformers.trainer:Saving model checkpoint to training/all-distilroberta-v1_1/checkpoint-6500
INFO:sentence_transformers.SentenceTransformer:Save model to training/all-distilroberta-v1_1/checkpoint-6500
INFO:sentence_transformers.trainer:Saving model checkpoint to training/all-distilroberta-v1_1/checkpoint-6600
INFO:sentence_transformers.SentenceTransformer:Save model to training/all-distilroberta-v1_1/checkpoint-6600
INFO:sentence_transformers.trainer:Saving model checkpoint to training/all-distilroberta-v1_1/checkpoint-6700
INFO:sentence_transformers.SentenceTransformer:Save model to training/all-distilroberta-v1_1/checkpoint-6700
INFO:sentence_transformers.trainer:Saving model checkpoint to training/all-distilroberta-v1_1/checkpoint-6800
INFO:sentence_transformers.SentenceTransformer:Save model to training/all-distilroberta-v1_1/checkpoint-6800
INFO:sentence_transformers.trainer:Saving model checkpoint to training/all-distilroberta-v1_1/checkpoint-6900
INFO:sentence_transformers.SentenceTransformer:Save model to training/all-distilroberta-v1_1/checkpoint-6900
INFO:sentence_transformers.trainer:Saving model checkpoint to training/all-distilroberta-v1_1/checkpoint-7000
INFO:sentence_transformers.SentenceTransformer:Save model to training/all-distilroberta-v1_1/checkpoint-7000
INFO:sentence_transformers.trainer:Saving model checkpoint to training/all-distilroberta-v1_1/checkpoint-7100
INFO:sentence_transformers.SentenceTransformer:Save model to training/all-distilroberta-v1_1/checkpoint-7100
INFO:sentence_transformers.trainer:Saving model checkpoint to training/all-distilroberta-v1_1/checkpoint-7200
INFO:sentence_transformers.SentenceTransformer:Save model to training/all-distilroberta-v1_1/checkpoint-7200
INFO:sentence_transformers.trainer:Saving model checkpoint to training/all-distilroberta-v1_1/checkpoint-7300
INFO:sentence_transformers.SentenceTransformer:Save model to training/all-distilroberta-v1_1/checkpoint-7300
INFO:sentence_transformers.trainer:Saving model checkpoint to training/all-distilroberta-v1_1/checkpoint-7400
INFO:sentence_transformers.SentenceTransformer:Save model to training/all-distilroberta-v1_1/checkpoint-7400
INFO:sentence_transformers.trainer:Saving model checkpoint to training/all-distilroberta-v1_1/checkpoint-7500
INFO:sentence_transformers.SentenceTransformer:Save model to training/all-distilroberta-v1_1/checkpoint-7500
INFO:sentence_transformers.trainer:Saving model checkpoint to training/all-distilroberta-v1_1/checkpoint-7600
INFO:sentence_transformers.SentenceTransformer:Save model to training/all-distilroberta-v1_1/checkpoint-7600
INFO:sentence_transformers.trainer:Saving model checkpoint to training/all-distilroberta-v1_1/checkpoint-7700
INFO:sentence_transformers.SentenceTransformer:Save model to training/all-distilroberta-v1_1/checkpoint-7700
INFO:sentence_transformers.trainer:Saving model checkpoint to training/all-distilroberta-v1_1/checkpoint-7800
INFO:sentence_transformers.SentenceTransformer:Save model to training/all-distilroberta-v1_1/checkpoint-7800
INFO:sentence_transformers.trainer:Saving model checkpoint to training/all-distilroberta-v1_1/checkpoint-7900
INFO:sentence_transformers.SentenceTransformer:Save model to training/all-distilroberta-v1_1/checkpoint-7900
INFO:sentence_transformers.trainer:Saving model checkpoint to training/all-distilroberta-v1_1/checkpoint-8000
INFO:sentence_transformers.SentenceTransformer:Save model to training/all-distilroberta-v1_1/checkpoint-8000
INFO:sentence_transformers.trainer:Saving model checkpoint to training/all-distilroberta-v1_1/checkpoint-8100
INFO:sentence_transformers.SentenceTransformer:Save model to training/all-distilroberta-v1_1/checkpoint-8100
INFO:sentence_transformers.trainer:Saving model checkpoint to training/all-distilroberta-v1_1/checkpoint-8200
INFO:sentence_transformers.SentenceTransformer:Save model to training/all-distilroberta-v1_1/checkpoint-8200
INFO:sentence_transformers.trainer:Saving model checkpoint to training/all-distilroberta-v1_1/checkpoint-8300
INFO:sentence_transformers.SentenceTransformer:Save model to training/all-distilroberta-v1_1/checkpoint-8300
INFO:sentence_transformers.trainer:Saving model checkpoint to training/all-distilroberta-v1_1/checkpoint-8400
INFO:sentence_transformers.SentenceTransformer:Save model to training/all-distilroberta-v1_1/checkpoint-8400
INFO:sentence_transformers.trainer:Saving model checkpoint to training/all-distilroberta-v1_1/checkpoint-8500
INFO:sentence_transformers.SentenceTransformer:Save model to training/all-distilroberta-v1_1/checkpoint-8500
INFO:sentence_transformers.trainer:Saving model checkpoint to training/all-distilroberta-v1_1/checkpoint-8600
INFO:sentence_transformers.SentenceTransformer:Save model to training/all-distilroberta-v1_1/checkpoint-8600
INFO:sentence_transformers.trainer:Saving model checkpoint to training/all-distilroberta-v1_1/checkpoint-8700
INFO:sentence_transformers.SentenceTransformer:Save model to training/all-distilroberta-v1_1/checkpoint-8700
INFO:sentence_transformers.trainer:Saving model checkpoint to training/all-distilroberta-v1_1/checkpoint-8800
INFO:sentence_transformers.SentenceTransformer:Save model to training/all-distilroberta-v1_1/checkpoint-8800
INFO:sentence_transformers.trainer:Saving model checkpoint to training/all-distilroberta-v1_1/checkpoint-8900
INFO:sentence_transformers.SentenceTransformer:Save model to training/all-distilroberta-v1_1/checkpoint-8900
INFO:sentence_transformers.trainer:Saving model checkpoint to training/all-distilroberta-v1_1/checkpoint-9000
INFO:sentence_transformers.SentenceTransformer:Save model to training/all-distilroberta-v1_1/checkpoint-9000
INFO:sentence_transformers.trainer:Saving model checkpoint to training/all-distilroberta-v1_1/checkpoint-9100
INFO:sentence_transformers.SentenceTransformer:Save model to training/all-distilroberta-v1_1/checkpoint-9100
INFO:sentence_transformers.trainer:Saving model checkpoint to training/all-distilroberta-v1_1/checkpoint-9200
INFO:sentence_transformers.SentenceTransformer:Save model to training/all-distilroberta-v1_1/checkpoint-9200
INFO:sentence_transformers.trainer:Saving model checkpoint to training/all-distilroberta-v1_1/checkpoint-9300
INFO:sentence_transformers.SentenceTransformer:Save model to training/all-distilroberta-v1_1/checkpoint-9300
INFO:sentence_transformers.trainer:Saving model checkpoint to training/all-distilroberta-v1_1/checkpoint-9400
INFO:sentence_transformers.SentenceTransformer:Save model to training/all-distilroberta-v1_1/checkpoint-9400
INFO:sentence_transformers.trainer:Saving model checkpoint to training/all-distilroberta-v1_1/checkpoint-9500
INFO:sentence_transformers.SentenceTransformer:Save model to training/all-distilroberta-v1_1/checkpoint-9500
INFO:sentence_transformers.trainer:Saving model checkpoint to training/all-distilroberta-v1_1/checkpoint-9600
INFO:sentence_transformers.SentenceTransformer:Save model to training/all-distilroberta-v1_1/checkpoint-9600
INFO:sentence_transformers.trainer:Saving model checkpoint to training/all-distilroberta-v1_1/checkpoint-9700
INFO:sentence_transformers.SentenceTransformer:Save model to training/all-distilroberta-v1_1/checkpoint-9700
INFO:sentence_transformers.trainer:Saving model checkpoint to training/all-distilroberta-v1_1/checkpoint-9800
INFO:sentence_transformers.SentenceTransformer:Save model to training/all-distilroberta-v1_1/checkpoint-9800
INFO:sentence_transformers.trainer:Saving model checkpoint to training/all-distilroberta-v1_1/checkpoint-9900
INFO:sentence_transformers.SentenceTransformer:Save model to training/all-distilroberta-v1_1/checkpoint-9900
INFO:sentence_transformers.trainer:Saving model checkpoint to training/all-distilroberta-v1_1/checkpoint-10000
INFO:sentence_transformers.SentenceTransformer:Save model to training/all-distilroberta-v1_1/checkpoint-10000
INFO:sentence_transformers.trainer:Saving model checkpoint to training/all-distilroberta-v1_1/checkpoint-10100
INFO:sentence_transformers.SentenceTransformer:Save model to training/all-distilroberta-v1_1/checkpoint-10100
INFO:sentence_transformers.trainer:Saving model checkpoint to training/all-distilroberta-v1_1/checkpoint-10200
INFO:sentence_transformers.SentenceTransformer:Save model to training/all-distilroberta-v1_1/checkpoint-10200
INFO:sentence_transformers.trainer:Saving model checkpoint to training/all-distilroberta-v1_1/checkpoint-10300
INFO:sentence_transformers.SentenceTransformer:Save model to training/all-distilroberta-v1_1/checkpoint-10300
INFO:sentence_transformers.trainer:Saving model checkpoint to training/all-distilroberta-v1_1/checkpoint-10400
INFO:sentence_transformers.SentenceTransformer:Save model to training/all-distilroberta-v1_1/checkpoint-10400
INFO:sentence_transformers.trainer:Saving model checkpoint to training/all-distilroberta-v1_1/checkpoint-10500
INFO:sentence_transformers.SentenceTransformer:Save model to training/all-distilroberta-v1_1/checkpoint-10500
INFO:sentence_transformers.trainer:Saving model checkpoint to training/all-distilroberta-v1_1/checkpoint-10600
INFO:sentence_transformers.SentenceTransformer:Save model to training/all-distilroberta-v1_1/checkpoint-10600
INFO:sentence_transformers.trainer:Saving model checkpoint to training/all-distilroberta-v1_1/checkpoint-10700
INFO:sentence_transformers.SentenceTransformer:Save model to training/all-distilroberta-v1_1/checkpoint-10700
INFO:sentence_transformers.trainer:Saving model checkpoint to training/all-distilroberta-v1_1/checkpoint-10800
INFO:sentence_transformers.SentenceTransformer:Save model to training/all-distilroberta-v1_1/checkpoint-10800
INFO:sentence_transformers.trainer:Saving model checkpoint to training/all-distilroberta-v1_1/checkpoint-10900
INFO:sentence_transformers.SentenceTransformer:Save model to training/all-distilroberta-v1_1/checkpoint-10900
INFO:sentence_transformers.trainer:Saving model checkpoint to training/all-distilroberta-v1_1/checkpoint-11000
INFO:sentence_transformers.SentenceTransformer:Save model to training/all-distilroberta-v1_1/checkpoint-11000
INFO:sentence_transformers.trainer:Saving model checkpoint to training/all-distilroberta-v1_1/checkpoint-11100
INFO:sentence_transformers.SentenceTransformer:Save model to training/all-distilroberta-v1_1/checkpoint-11100
INFO:sentence_transformers.trainer:Saving model checkpoint to training/all-distilroberta-v1_1/checkpoint-11200
INFO:sentence_transformers.SentenceTransformer:Save model to training/all-distilroberta-v1_1/checkpoint-11200
INFO:sentence_transformers.trainer:Saving model checkpoint to training/all-distilroberta-v1_1/checkpoint-11300
INFO:sentence_transformers.SentenceTransformer:Save model to training/all-distilroberta-v1_1/checkpoint-11300
INFO:sentence_transformers.trainer:Saving model checkpoint to training/all-distilroberta-v1_1/checkpoint-11400
INFO:sentence_transformers.SentenceTransformer:Save model to training/all-distilroberta-v1_1/checkpoint-11400
INFO:sentence_transformers.trainer:Saving model checkpoint to training/all-distilroberta-v1_1/checkpoint-11500
INFO:sentence_transformers.SentenceTransformer:Save model to training/all-distilroberta-v1_1/checkpoint-11500
INFO:sentence_transformers.trainer:Saving model checkpoint to training/all-distilroberta-v1_1/checkpoint-11600
INFO:sentence_transformers.SentenceTransformer:Save model to training/all-distilroberta-v1_1/checkpoint-11600
INFO:sentence_transformers.trainer:Saving model checkpoint to training/all-distilroberta-v1_1/checkpoint-11700
INFO:sentence_transformers.SentenceTransformer:Save model to training/all-distilroberta-v1_1/checkpoint-11700
INFO:sentence_transformers.trainer:Saving model checkpoint to training/all-distilroberta-v1_1/checkpoint-11800
INFO:sentence_transformers.SentenceTransformer:Save model to training/all-distilroberta-v1_1/checkpoint-11800
INFO:sentence_transformers.trainer:Saving model checkpoint to training/all-distilroberta-v1_1/checkpoint-11900
INFO:sentence_transformers.SentenceTransformer:Save model to training/all-distilroberta-v1_1/checkpoint-11900
INFO:sentence_transformers.trainer:Saving model checkpoint to training/all-distilroberta-v1_1/checkpoint-12000
INFO:sentence_transformers.SentenceTransformer:Save model to training/all-distilroberta-v1_1/checkpoint-12000
INFO:sentence_transformers.trainer:Saving model checkpoint to training/all-distilroberta-v1_1/checkpoint-12100
INFO:sentence_transformers.SentenceTransformer:Save model to training/all-distilroberta-v1_1/checkpoint-12100
INFO:sentence_transformers.trainer:Saving model checkpoint to training/all-distilroberta-v1_1/checkpoint-12200
INFO:sentence_transformers.SentenceTransformer:Save model to training/all-distilroberta-v1_1/checkpoint-12200
INFO:sentence_transformers.trainer:Saving model checkpoint to training/all-distilroberta-v1_1/checkpoint-12300
INFO:sentence_transformers.SentenceTransformer:Save model to training/all-distilroberta-v1_1/checkpoint-12300
INFO:sentence_transformers.trainer:Saving model checkpoint to training/all-distilroberta-v1_1/checkpoint-12400
INFO:sentence_transformers.SentenceTransformer:Save model to training/all-distilroberta-v1_1/checkpoint-12400
INFO:sentence_transformers.trainer:Saving model checkpoint to training/all-distilroberta-v1_1/checkpoint-12500
INFO:sentence_transformers.SentenceTransformer:Save model to training/all-distilroberta-v1_1/checkpoint-12500
INFO:sentence_transformers.trainer:Saving model checkpoint to training/all-distilroberta-v1_1/checkpoint-12600
INFO:sentence_transformers.SentenceTransformer:Save model to training/all-distilroberta-v1_1/checkpoint-12600
INFO:sentence_transformers.trainer:Saving model checkpoint to training/all-distilroberta-v1_1/checkpoint-12700
INFO:sentence_transformers.SentenceTransformer:Save model to training/all-distilroberta-v1_1/checkpoint-12700
INFO:sentence_transformers.trainer:Saving model checkpoint to training/all-distilroberta-v1_1/checkpoint-12800
INFO:sentence_transformers.SentenceTransformer:Save model to training/all-distilroberta-v1_1/checkpoint-12800
INFO:sentence_transformers.trainer:Saving model checkpoint to training/all-distilroberta-v1_1/checkpoint-12900
INFO:sentence_transformers.SentenceTransformer:Save model to training/all-distilroberta-v1_1/checkpoint-12900
INFO:sentence_transformers.trainer:Saving model checkpoint to training/all-distilroberta-v1_1/checkpoint-13000
INFO:sentence_transformers.SentenceTransformer:Save model to training/all-distilroberta-v1_1/checkpoint-13000
INFO:sentence_transformers.trainer:Saving model checkpoint to training/all-distilroberta-v1_1/checkpoint-13100
INFO:sentence_transformers.SentenceTransformer:Save model to training/all-distilroberta-v1_1/checkpoint-13100
INFO:sentence_transformers.trainer:Saving model checkpoint to training/all-distilroberta-v1_1/checkpoint-13200
INFO:sentence_transformers.SentenceTransformer:Save model to training/all-distilroberta-v1_1/checkpoint-13200
INFO:sentence_transformers.trainer:Saving model checkpoint to training/all-distilroberta-v1_1/checkpoint-13300
INFO:sentence_transformers.SentenceTransformer:Save model to training/all-distilroberta-v1_1/checkpoint-13300
INFO:sentence_transformers.trainer:Saving model checkpoint to training/all-distilroberta-v1_1/checkpoint-13400
INFO:sentence_transformers.SentenceTransformer:Save model to training/all-distilroberta-v1_1/checkpoint-13400
INFO:sentence_transformers.trainer:Saving model checkpoint to training/all-distilroberta-v1_1/checkpoint-13500
INFO:sentence_transformers.SentenceTransformer:Save model to training/all-distilroberta-v1_1/checkpoint-13500
INFO:sentence_transformers.trainer:Saving model checkpoint to training/all-distilroberta-v1_1/checkpoint-13600
INFO:sentence_transformers.SentenceTransformer:Save model to training/all-distilroberta-v1_1/checkpoint-13600
INFO:sentence_transformers.trainer:Saving model checkpoint to training/all-distilroberta-v1_1/checkpoint-13700
INFO:sentence_transformers.SentenceTransformer:Save model to training/all-distilroberta-v1_1/checkpoint-13700
INFO:sentence_transformers.trainer:Saving model checkpoint to training/all-distilroberta-v1_1/checkpoint-13800
INFO:sentence_transformers.SentenceTransformer:Save model to training/all-distilroberta-v1_1/checkpoint-13800
INFO:sentence_transformers.trainer:Saving model checkpoint to training/all-distilroberta-v1_1/checkpoint-13900
INFO:sentence_transformers.SentenceTransformer:Save model to training/all-distilroberta-v1_1/checkpoint-13900
INFO:sentence_transformers.trainer:Saving model checkpoint to training/all-distilroberta-v1_1/checkpoint-14000
INFO:sentence_transformers.SentenceTransformer:Save model to training/all-distilroberta-v1_1/checkpoint-14000
INFO:sentence_transformers.trainer:Saving model checkpoint to training/all-distilroberta-v1_1/checkpoint-14100
INFO:sentence_transformers.SentenceTransformer:Save model to training/all-distilroberta-v1_1/checkpoint-14100
INFO:sentence_transformers.trainer:Saving model checkpoint to training/all-distilroberta-v1_1/checkpoint-14200
INFO:sentence_transformers.SentenceTransformer:Save model to training/all-distilroberta-v1_1/checkpoint-14200
INFO:sentence_transformers.trainer:Saving model checkpoint to training/all-distilroberta-v1_1/checkpoint-14300
INFO:sentence_transformers.SentenceTransformer:Save model to training/all-distilroberta-v1_1/checkpoint-14300
INFO:sentence_transformers.trainer:Saving model checkpoint to training/all-distilroberta-v1_1/checkpoint-14400
INFO:sentence_transformers.SentenceTransformer:Save model to training/all-distilroberta-v1_1/checkpoint-14400
INFO:sentence_transformers.trainer:Saving model checkpoint to training/all-distilroberta-v1_1/checkpoint-14500
INFO:sentence_transformers.SentenceTransformer:Save model to training/all-distilroberta-v1_1/checkpoint-14500
INFO:sentence_transformers.trainer:Saving model checkpoint to training/all-distilroberta-v1_1/checkpoint-14600
INFO:sentence_transformers.SentenceTransformer:Save model to training/all-distilroberta-v1_1/checkpoint-14600
INFO:sentence_transformers.trainer:Saving model checkpoint to training/all-distilroberta-v1_1/checkpoint-14700
INFO:sentence_transformers.SentenceTransformer:Save model to training/all-distilroberta-v1_1/checkpoint-14700
INFO:sentence_transformers.trainer:Saving model checkpoint to training/all-distilroberta-v1_1/checkpoint-14800
INFO:sentence_transformers.SentenceTransformer:Save model to training/all-distilroberta-v1_1/checkpoint-14800
INFO:sentence_transformers.trainer:Saving model checkpoint to training/all-distilroberta-v1_1/checkpoint-14900
INFO:sentence_transformers.SentenceTransformer:Save model to training/all-distilroberta-v1_1/checkpoint-14900
INFO:sentence_transformers.trainer:Saving model checkpoint to training/all-distilroberta-v1_1/checkpoint-15000
INFO:sentence_transformers.SentenceTransformer:Save model to training/all-distilroberta-v1_1/checkpoint-15000
INFO:sentence_transformers.trainer:Saving model checkpoint to training/all-distilroberta-v1_1/checkpoint-15100
INFO:sentence_transformers.SentenceTransformer:Save model to training/all-distilroberta-v1_1/checkpoint-15100
INFO:sentence_transformers.trainer:Saving model checkpoint to training/all-distilroberta-v1_1/checkpoint-15200
INFO:sentence_transformers.SentenceTransformer:Save model to training/all-distilroberta-v1_1/checkpoint-15200
INFO:sentence_transformers.trainer:Saving model checkpoint to training/all-distilroberta-v1_1/checkpoint-15300
INFO:sentence_transformers.SentenceTransformer:Save model to training/all-distilroberta-v1_1/checkpoint-15300
INFO:sentence_transformers.trainer:Saving model checkpoint to training/all-distilroberta-v1_1/checkpoint-15400
INFO:sentence_transformers.SentenceTransformer:Save model to training/all-distilroberta-v1_1/checkpoint-15400
INFO:sentence_transformers.trainer:Saving model checkpoint to training/all-distilroberta-v1_1/checkpoint-15500
INFO:sentence_transformers.SentenceTransformer:Save model to training/all-distilroberta-v1_1/checkpoint-15500
INFO:sentence_transformers.trainer:Saving model checkpoint to training/all-distilroberta-v1_1/checkpoint-15600
INFO:sentence_transformers.SentenceTransformer:Save model to training/all-distilroberta-v1_1/checkpoint-15600
INFO:sentence_transformers.trainer:Saving model checkpoint to training/all-distilroberta-v1_1/checkpoint-15700
INFO:sentence_transformers.SentenceTransformer:Save model to training/all-distilroberta-v1_1/checkpoint-15700
INFO:sentence_transformers.trainer:Saving model checkpoint to training/all-distilroberta-v1_1/checkpoint-15800
INFO:sentence_transformers.SentenceTransformer:Save model to training/all-distilroberta-v1_1/checkpoint-15800
INFO:sentence_transformers.trainer:Saving model checkpoint to training/all-distilroberta-v1_1/checkpoint-15900
INFO:sentence_transformers.SentenceTransformer:Save model to training/all-distilroberta-v1_1/checkpoint-15900
INFO:sentence_transformers.trainer:Saving model checkpoint to training/all-distilroberta-v1_1/checkpoint-16000
INFO:sentence_transformers.SentenceTransformer:Save model to training/all-distilroberta-v1_1/checkpoint-16000
INFO:sentence_transformers.trainer:Saving model checkpoint to training/all-distilroberta-v1_1/checkpoint-16100
INFO:sentence_transformers.SentenceTransformer:Save model to training/all-distilroberta-v1_1/checkpoint-16100
INFO:sentence_transformers.trainer:Saving model checkpoint to training/all-distilroberta-v1_1/checkpoint-16200
INFO:sentence_transformers.SentenceTransformer:Save model to training/all-distilroberta-v1_1/checkpoint-16200
INFO:sentence_transformers.trainer:Saving model checkpoint to training/all-distilroberta-v1_1/checkpoint-16300
INFO:sentence_transformers.SentenceTransformer:Save model to training/all-distilroberta-v1_1/checkpoint-16300
INFO:sentence_transformers.trainer:Saving model checkpoint to training/all-distilroberta-v1_1/checkpoint-16400
INFO:sentence_transformers.SentenceTransformer:Save model to training/all-distilroberta-v1_1/checkpoint-16400
INFO:sentence_transformers.trainer:Saving model checkpoint to training/all-distilroberta-v1_1/checkpoint-16500
INFO:sentence_transformers.SentenceTransformer:Save model to training/all-distilroberta-v1_1/checkpoint-16500
INFO:sentence_transformers.trainer:Saving model checkpoint to training/all-distilroberta-v1_1/checkpoint-16600
INFO:sentence_transformers.SentenceTransformer:Save model to training/all-distilroberta-v1_1/checkpoint-16600
INFO:sentence_transformers.trainer:Saving model checkpoint to training/all-distilroberta-v1_1/checkpoint-16700
INFO:sentence_transformers.SentenceTransformer:Save model to training/all-distilroberta-v1_1/checkpoint-16700
INFO:sentence_transformers.trainer:Saving model checkpoint to training/all-distilroberta-v1_1/checkpoint-16800
INFO:sentence_transformers.SentenceTransformer:Save model to training/all-distilroberta-v1_1/checkpoint-16800
INFO:sentence_transformers.trainer:Saving model checkpoint to training/all-distilroberta-v1_1/checkpoint-16900
INFO:sentence_transformers.SentenceTransformer:Save model to training/all-distilroberta-v1_1/checkpoint-16900
INFO:sentence_transformers.trainer:Saving model checkpoint to training/all-distilroberta-v1_1/checkpoint-17000
INFO:sentence_transformers.SentenceTransformer:Save model to training/all-distilroberta-v1_1/checkpoint-17000
INFO:sentence_transformers.trainer:Saving model checkpoint to training/all-distilroberta-v1_1/checkpoint-17100
INFO:sentence_transformers.SentenceTransformer:Save model to training/all-distilroberta-v1_1/checkpoint-17100
INFO:sentence_transformers.trainer:Saving model checkpoint to training/all-distilroberta-v1_1/checkpoint-17200
INFO:sentence_transformers.SentenceTransformer:Save model to training/all-distilroberta-v1_1/checkpoint-17200
INFO:sentence_transformers.trainer:Saving model checkpoint to training/all-distilroberta-v1_1/checkpoint-17300
INFO:sentence_transformers.SentenceTransformer:Save model to training/all-distilroberta-v1_1/checkpoint-17300
INFO:sentence_transformers.trainer:Saving model checkpoint to training/all-distilroberta-v1_1/checkpoint-17400
INFO:sentence_transformers.SentenceTransformer:Save model to training/all-distilroberta-v1_1/checkpoint-17400
INFO:sentence_transformers.trainer:Saving model checkpoint to training/all-distilroberta-v1_1/checkpoint-17500
INFO:sentence_transformers.SentenceTransformer:Save model to training/all-distilroberta-v1_1/checkpoint-17500
INFO:sentence_transformers.trainer:Saving model checkpoint to training/all-distilroberta-v1_1/checkpoint-17600
INFO:sentence_transformers.SentenceTransformer:Save model to training/all-distilroberta-v1_1/checkpoint-17600
INFO:sentence_transformers.trainer:Saving model checkpoint to training/all-distilroberta-v1_1/checkpoint-17700
INFO:sentence_transformers.SentenceTransformer:Save model to training/all-distilroberta-v1_1/checkpoint-17700
INFO:sentence_transformers.trainer:Saving model checkpoint to training/all-distilroberta-v1_1/checkpoint-17800
INFO:sentence_transformers.SentenceTransformer:Save model to training/all-distilroberta-v1_1/checkpoint-17800
INFO:sentence_transformers.trainer:Saving model checkpoint to training/all-distilroberta-v1_1/checkpoint-17900
INFO:sentence_transformers.SentenceTransformer:Save model to training/all-distilroberta-v1_1/checkpoint-17900
INFO:sentence_transformers.trainer:Saving model checkpoint to training/all-distilroberta-v1_1/checkpoint-18000
INFO:sentence_transformers.SentenceTransformer:Save model to training/all-distilroberta-v1_1/checkpoint-18000
INFO:sentence_transformers.trainer:Saving model checkpoint to training/all-distilroberta-v1_1/checkpoint-18100
INFO:sentence_transformers.SentenceTransformer:Save model to training/all-distilroberta-v1_1/checkpoint-18100
INFO:sentence_transformers.trainer:Saving model checkpoint to training/all-distilroberta-v1_1/checkpoint-18200
INFO:sentence_transformers.SentenceTransformer:Save model to training/all-distilroberta-v1_1/checkpoint-18200
INFO:sentence_transformers.trainer:Saving model checkpoint to training/all-distilroberta-v1_1/checkpoint-18300
INFO:sentence_transformers.SentenceTransformer:Save model to training/all-distilroberta-v1_1/checkpoint-18300
INFO:sentence_transformers.trainer:Saving model checkpoint to training/all-distilroberta-v1_1/checkpoint-18400
INFO:sentence_transformers.SentenceTransformer:Save model to training/all-distilroberta-v1_1/checkpoint-18400
INFO:sentence_transformers.trainer:Saving model checkpoint to training/all-distilroberta-v1_1/checkpoint-18500
INFO:sentence_transformers.SentenceTransformer:Save model to training/all-distilroberta-v1_1/checkpoint-18500
INFO:sentence_transformers.trainer:Saving model checkpoint to training/all-distilroberta-v1_1/checkpoint-18600
INFO:sentence_transformers.SentenceTransformer:Save model to training/all-distilroberta-v1_1/checkpoint-18600
INFO:sentence_transformers.trainer:Saving model checkpoint to training/all-distilroberta-v1_1/checkpoint-18700
INFO:sentence_transformers.SentenceTransformer:Save model to training/all-distilroberta-v1_1/checkpoint-18700
INFO:sentence_transformers.trainer:Saving model checkpoint to training/all-distilroberta-v1_1/checkpoint-18800
INFO:sentence_transformers.SentenceTransformer:Save model to training/all-distilroberta-v1_1/checkpoint-18800
INFO:sentence_transformers.trainer:Saving model checkpoint to training/all-distilroberta-v1_1/checkpoint-18900
INFO:sentence_transformers.SentenceTransformer:Save model to training/all-distilroberta-v1_1/checkpoint-18900
INFO:sentence_transformers.trainer:Saving model checkpoint to training/all-distilroberta-v1_1/checkpoint-19000
INFO:sentence_transformers.SentenceTransformer:Save model to training/all-distilroberta-v1_1/checkpoint-19000
INFO:sentence_transformers.trainer:Saving model checkpoint to training/all-distilroberta-v1_1/checkpoint-19100
INFO:sentence_transformers.SentenceTransformer:Save model to training/all-distilroberta-v1_1/checkpoint-19100
INFO:sentence_transformers.trainer:Saving model checkpoint to training/all-distilroberta-v1_1/checkpoint-19200
INFO:sentence_transformers.SentenceTransformer:Save model to training/all-distilroberta-v1_1/checkpoint-19200
INFO:sentence_transformers.trainer:Saving model checkpoint to training/all-distilroberta-v1_1/checkpoint-19300
INFO:sentence_transformers.SentenceTransformer:Save model to training/all-distilroberta-v1_1/checkpoint-19300
INFO:sentence_transformers.trainer:Saving model checkpoint to training/all-distilroberta-v1_1/checkpoint-19400
INFO:sentence_transformers.SentenceTransformer:Save model to training/all-distilroberta-v1_1/checkpoint-19400
INFO:sentence_transformers.trainer:Saving model checkpoint to training/all-distilroberta-v1_1/checkpoint-19500
INFO:sentence_transformers.SentenceTransformer:Save model to training/all-distilroberta-v1_1/checkpoint-19500
INFO:sentence_transformers.trainer:Saving model checkpoint to training/all-distilroberta-v1_1/checkpoint-19600
INFO:sentence_transformers.SentenceTransformer:Save model to training/all-distilroberta-v1_1/checkpoint-19600
INFO:sentence_transformers.trainer:Saving model checkpoint to training/all-distilroberta-v1_1/checkpoint-19700
INFO:sentence_transformers.SentenceTransformer:Save model to training/all-distilroberta-v1_1/checkpoint-19700
INFO:sentence_transformers.trainer:Saving model checkpoint to training/all-distilroberta-v1_1/checkpoint-19800
INFO:sentence_transformers.SentenceTransformer:Save model to training/all-distilroberta-v1_1/checkpoint-19800
INFO:sentence_transformers.trainer:Saving model checkpoint to training/all-distilroberta-v1_1/checkpoint-19900
INFO:sentence_transformers.SentenceTransformer:Save model to training/all-distilroberta-v1_1/checkpoint-19900
INFO:sentence_transformers.trainer:Saving model checkpoint to training/all-distilroberta-v1_1/checkpoint-20000
INFO:sentence_transformers.SentenceTransformer:Save model to training/all-distilroberta-v1_1/checkpoint-20000
INFO:sentence_transformers.trainer:Saving model checkpoint to training/all-distilroberta-v1_1/checkpoint-20100
INFO:sentence_transformers.SentenceTransformer:Save model to training/all-distilroberta-v1_1/checkpoint-20100
INFO:sentence_transformers.trainer:Saving model checkpoint to training/all-distilroberta-v1_1/checkpoint-20200
INFO:sentence_transformers.SentenceTransformer:Save model to training/all-distilroberta-v1_1/checkpoint-20200
INFO:sentence_transformers.trainer:Saving model checkpoint to training/all-distilroberta-v1_1/checkpoint-20300
INFO:sentence_transformers.SentenceTransformer:Save model to training/all-distilroberta-v1_1/checkpoint-20300
INFO:sentence_transformers.trainer:Saving model checkpoint to training/all-distilroberta-v1_1/checkpoint-20400
INFO:sentence_transformers.SentenceTransformer:Save model to training/all-distilroberta-v1_1/checkpoint-20400
INFO:sentence_transformers.trainer:Saving model checkpoint to training/all-distilroberta-v1_1/checkpoint-20500
INFO:sentence_transformers.SentenceTransformer:Save model to training/all-distilroberta-v1_1/checkpoint-20500
INFO:sentence_transformers.trainer:Saving model checkpoint to training/all-distilroberta-v1_1/checkpoint-20600
INFO:sentence_transformers.SentenceTransformer:Save model to training/all-distilroberta-v1_1/checkpoint-20600
INFO:sentence_transformers.trainer:Saving model checkpoint to training/all-distilroberta-v1_1/checkpoint-20700
INFO:sentence_transformers.SentenceTransformer:Save model to training/all-distilroberta-v1_1/checkpoint-20700
INFO:sentence_transformers.trainer:Saving model checkpoint to training/all-distilroberta-v1_1/checkpoint-20800
INFO:sentence_transformers.SentenceTransformer:Save model to training/all-distilroberta-v1_1/checkpoint-20800
INFO:sentence_transformers.trainer:Saving model checkpoint to training/all-distilroberta-v1_1/checkpoint-20900
INFO:sentence_transformers.SentenceTransformer:Save model to training/all-distilroberta-v1_1/checkpoint-20900
INFO:sentence_transformers.trainer:Saving model checkpoint to training/all-distilroberta-v1_1/checkpoint-21000
INFO:sentence_transformers.SentenceTransformer:Save model to training/all-distilroberta-v1_1/checkpoint-21000
INFO:sentence_transformers.trainer:Saving model checkpoint to training/all-distilroberta-v1_1/checkpoint-21100
INFO:sentence_transformers.SentenceTransformer:Save model to training/all-distilroberta-v1_1/checkpoint-21100
INFO:sentence_transformers.trainer:Saving model checkpoint to training/all-distilroberta-v1_1/checkpoint-21200
INFO:sentence_transformers.SentenceTransformer:Save model to training/all-distilroberta-v1_1/checkpoint-21200
INFO:sentence_transformers.trainer:Saving model checkpoint to training/all-distilroberta-v1_1/checkpoint-21300
INFO:sentence_transformers.SentenceTransformer:Save model to training/all-distilroberta-v1_1/checkpoint-21300
INFO:sentence_transformers.trainer:Saving model checkpoint to training/all-distilroberta-v1_1/checkpoint-21400
INFO:sentence_transformers.SentenceTransformer:Save model to training/all-distilroberta-v1_1/checkpoint-21400
INFO:sentence_transformers.trainer:Saving model checkpoint to training/all-distilroberta-v1_1/checkpoint-21500
INFO:sentence_transformers.SentenceTransformer:Save model to training/all-distilroberta-v1_1/checkpoint-21500
INFO:sentence_transformers.trainer:Saving model checkpoint to training/all-distilroberta-v1_1/checkpoint-21600
INFO:sentence_transformers.SentenceTransformer:Save model to training/all-distilroberta-v1_1/checkpoint-21600
INFO:sentence_transformers.trainer:Saving model checkpoint to training/all-distilroberta-v1_1/checkpoint-21700
INFO:sentence_transformers.SentenceTransformer:Save model to training/all-distilroberta-v1_1/checkpoint-21700
INFO:sentence_transformers.trainer:Saving model checkpoint to training/all-distilroberta-v1_1/checkpoint-21800
INFO:sentence_transformers.SentenceTransformer:Save model to training/all-distilroberta-v1_1/checkpoint-21800
INFO:sentence_transformers.trainer:Saving model checkpoint to training/all-distilroberta-v1_1/checkpoint-21900
INFO:sentence_transformers.SentenceTransformer:Save model to training/all-distilroberta-v1_1/checkpoint-21900
INFO:sentence_transformers.trainer:Saving model checkpoint to training/all-distilroberta-v1_1/checkpoint-22000
INFO:sentence_transformers.SentenceTransformer:Save model to training/all-distilroberta-v1_1/checkpoint-22000
INFO:sentence_transformers.trainer:Saving model checkpoint to training/all-distilroberta-v1_1/checkpoint-22100
INFO:sentence_transformers.SentenceTransformer:Save model to training/all-distilroberta-v1_1/checkpoint-22100
INFO:sentence_transformers.trainer:Saving model checkpoint to training/all-distilroberta-v1_1/checkpoint-22200
INFO:sentence_transformers.SentenceTransformer:Save model to training/all-distilroberta-v1_1/checkpoint-22200
INFO:sentence_transformers.trainer:Saving model checkpoint to training/all-distilroberta-v1_1/checkpoint-22300
INFO:sentence_transformers.SentenceTransformer:Save model to training/all-distilroberta-v1_1/checkpoint-22300
INFO:sentence_transformers.trainer:Saving model checkpoint to training/all-distilroberta-v1_1/checkpoint-22400
INFO:sentence_transformers.SentenceTransformer:Save model to training/all-distilroberta-v1_1/checkpoint-22400
INFO:sentence_transformers.trainer:Saving model checkpoint to training/all-distilroberta-v1_1/checkpoint-22500
INFO:sentence_transformers.SentenceTransformer:Save model to training/all-distilroberta-v1_1/checkpoint-22500
INFO:sentence_transformers.trainer:Saving model checkpoint to training/all-distilroberta-v1_1/checkpoint-22600
INFO:sentence_transformers.SentenceTransformer:Save model to training/all-distilroberta-v1_1/checkpoint-22600
INFO:sentence_transformers.trainer:Saving model checkpoint to training/all-distilroberta-v1_1/checkpoint-22700
INFO:sentence_transformers.SentenceTransformer:Save model to training/all-distilroberta-v1_1/checkpoint-22700
INFO:sentence_transformers.trainer:Saving model checkpoint to training/all-distilroberta-v1_1/checkpoint-22800
INFO:sentence_transformers.SentenceTransformer:Save model to training/all-distilroberta-v1_1/checkpoint-22800
INFO:sentence_transformers.trainer:Saving model checkpoint to training/all-distilroberta-v1_1/checkpoint-22900
INFO:sentence_transformers.SentenceTransformer:Save model to training/all-distilroberta-v1_1/checkpoint-22900
INFO:sentence_transformers.trainer:Saving model checkpoint to training/all-distilroberta-v1_1/checkpoint-23000
INFO:sentence_transformers.SentenceTransformer:Save model to training/all-distilroberta-v1_1/checkpoint-23000
INFO:sentence_transformers.trainer:Saving model checkpoint to training/all-distilroberta-v1_1/checkpoint-23100
INFO:sentence_transformers.SentenceTransformer:Save model to training/all-distilroberta-v1_1/checkpoint-23100
INFO:sentence_transformers.trainer:Saving model checkpoint to training/all-distilroberta-v1_1/checkpoint-23200
INFO:sentence_transformers.SentenceTransformer:Save model to training/all-distilroberta-v1_1/checkpoint-23200
INFO:sentence_transformers.trainer:Saving model checkpoint to training/all-distilroberta-v1_1/checkpoint-23250
INFO:sentence_transformers.SentenceTransformer:Save model to training/all-distilroberta-v1_1/checkpoint-23250
INFO:sentence_transformers.SentenceTransformer:Save model to /data/users/roota5351/my_cs426/group_5/SchSearch/scholarly-search/weights/semsim4
