INFO:Prototype_embs_INFO:STARTING TO EMBED: 2308.07279v2_content.txt
INFO:Prototype_embs_INFO:SKIPPING FILE 2308.07279v2_content.txt

INFO:root:NUM OF EMBS IN SECTION 2 = 1
INFO:root:NUM OF EMBS IN SECTION 3 = 8
INFO:root:NUM OF EMBS IN SECTION 4 = 2
INFO:root:NUM OF EMBS IN SECTION 5 = 1
INFO:root:NUM OF EMBS IN SECTION 6 = 1
INFO:root:NUM OF EMBS IN SECTION 7 = 1
INFO:root:NUM OF EMBS IN SECTION 8 = 2
INFO:root:NUM OF EMBS IN SECTION 9 = 4
INFO:root:NUM OF EMBS IN SECTION 10 = 3
INFO:root:NUM OF EMBS IN SECTION 11 = 3
INFO:root:NUM OF EMBS IN SECTION 12 = 2
INFO:root:NUM OF EMBS IN SECTION 13 = 5
INFO:root:NUM OF EMBS IN SECTION 14 = 1
INFO:root:NUM OF EMBS IN SECTION 15 = 1
INFO:root:NUM OF EMBS IN SECTION 16 = 4
INFO:root:NUM OF EMBS IN SECTION 17 = 1
INFO:Prototype_embs_INFO:END OF FILE - SAVING EMBEDDINGS FOR 2308.07279v2_content.txt

INFO:Prototype_embs_INFO:STARTING TO EMBED: 2309.01837v3_content.txt
INFO:Prototype_embs_INFO:SKIPPING FILE 2309.01837v3_content.txt

INFO:root:NUM OF EMBS IN SECTION 2 = 2
INFO:root:NUM OF EMBS IN SECTION 3 = 19
INFO:root:NUM OF EMBS IN SECTION 4 = 6
INFO:root:NUM OF EMBS IN SECTION 5 = 5
INFO:root:NUM OF EMBS IN SECTION 6 = 18
INFO:root:NUM OF EMBS IN SECTION 7 = 26
INFO:root:NUM OF EMBS IN SECTION 8 = 7
INFO:root:NUM OF EMBS IN SECTION 9 = 9
INFO:root:NUM OF EMBS IN SECTION 10 = 12
INFO:root:NUM OF EMBS IN SECTION 11 = 51
INFO:Prototype_embs_INFO:END OF FILE - SAVING EMBEDDINGS FOR 2309.01837v3_content.txt

INFO:Prototype_embs_INFO:STARTING TO EMBED: 2311.00207v3_content.txt
INFO:Prototype_embs_INFO:SKIPPING FILE 2311.00207v3_content.txt

INFO:root:NUM OF EMBS IN SECTION 2 = 4
INFO:root:NUM OF EMBS IN SECTION 3 = 28
INFO:root:NUM OF EMBS IN SECTION 4 = 2
INFO:root:NUM OF EMBS IN SECTION 5 = 6
INFO:root:NUM OF EMBS IN SECTION 6 = 4
INFO:root:NUM OF EMBS IN SECTION 7 = 3
INFO:root:NUM OF EMBS IN SECTION 8 = 4
INFO:root:NUM OF EMBS IN SECTION 9 = 2
INFO:root:NUM OF EMBS IN SECTION 10 = 9
INFO:root:NUM OF EMBS IN SECTION 11 = 3
INFO:root:NUM OF EMBS IN SECTION 12 = 2
INFO:root:NUM OF EMBS IN SECTION 13 = 10
INFO:root:NUM OF EMBS IN SECTION 14 = 10
INFO:root:NUM OF EMBS IN SECTION 15 = 2
INFO:root:NUM OF EMBS IN SECTION 16 = 27
INFO:root:NUM OF EMBS IN SECTION 17 = 13
INFO:root:NUM OF EMBS IN SECTION 18 = 4
INFO:root:NUM OF EMBS IN SECTION 19 = 6
INFO:root:NUM OF EMBS IN SECTION 20 = 4
INFO:root:NUM OF EMBS IN SECTION 21 = 6
INFO:root:NUM OF EMBS IN SECTION 22 = 3
INFO:root:NUM OF EMBS IN SECTION 23 = 1
INFO:root:NUM OF EMBS IN SECTION 24 = 5
INFO:root:NUM OF EMBS IN SECTION 25 = 3
INFO:root:NUM OF EMBS IN SECTION 26 = 4
INFO:root:NUM OF EMBS IN SECTION 27 = 8
INFO:root:NUM OF EMBS IN SECTION 28 = 3
INFO:root:NUM OF EMBS IN SECTION 29 = 7
INFO:Prototype_embs_INFO:END OF FILE - SAVING EMBEDDINGS FOR 2311.00207v3_content.txt

INFO:Prototype_embs_INFO:STARTING TO EMBED: 2308.07279v2_content.txt
INFO:Prototype_embs_INFO:SKIPPING FILE 2308.07279v2_content.txt

INFO:root:NUM OF EMBS IN SECTION 2 = 1
INFO:root:NUM OF EMBS IN SECTION 3 = 8
INFO:root:NUM OF EMBS IN SECTION 4 = 2
INFO:root:NUM OF EMBS IN SECTION 5 = 1
INFO:root:NUM OF EMBS IN SECTION 6 = 1
INFO:root:NUM OF EMBS IN SECTION 7 = 1
INFO:root:NUM OF EMBS IN SECTION 8 = 2
INFO:root:NUM OF EMBS IN SECTION 9 = 4
INFO:root:NUM OF EMBS IN SECTION 10 = 3
INFO:root:NUM OF EMBS IN SECTION 11 = 3
INFO:root:NUM OF EMBS IN SECTION 12 = 2
INFO:root:NUM OF EMBS IN SECTION 13 = 5
INFO:root:NUM OF EMBS IN SECTION 14 = 1
INFO:root:NUM OF EMBS IN SECTION 15 = 1
INFO:root:NUM OF EMBS IN SECTION 16 = 4
INFO:root:NUM OF EMBS IN SECTION 17 = 1
INFO:Prototype_embs_INFO:END OF FILE - SAVING EMBEDDINGS FOR 2308.07279v2_content.txt

INFO:Prototype_embs_INFO:STARTING TO EMBED: 2309.01837v3_content.txt
INFO:Prototype_embs_INFO:SKIPPING FILE 2309.01837v3_content.txt

INFO:root:NUM OF EMBS IN SECTION 2 = 2
INFO:root:NUM OF EMBS IN SECTION 3 = 19
INFO:root:NUM OF EMBS IN SECTION 4 = 6
INFO:root:NUM OF EMBS IN SECTION 5 = 5
INFO:root:NUM OF EMBS IN SECTION 6 = 18
INFO:root:NUM OF EMBS IN SECTION 7 = 26
INFO:root:NUM OF EMBS IN SECTION 8 = 7
INFO:root:NUM OF EMBS IN SECTION 9 = 9
INFO:root:NUM OF EMBS IN SECTION 10 = 12
INFO:root:NUM OF EMBS IN SECTION 11 = 51
INFO:Prototype_embs_INFO:END OF FILE - SAVING EMBEDDINGS FOR 2309.01837v3_content.txt

INFO:Prototype_embs_INFO:STARTING TO EMBED: 2311.00207v3_content.txt
INFO:Prototype_embs_INFO:SKIPPING FILE 2311.00207v3_content.txt

INFO:root:NUM OF EMBS IN SECTION 2 = 4
INFO:root:NUM OF EMBS IN SECTION 3 = 28
INFO:root:NUM OF EMBS IN SECTION 4 = 2
INFO:root:NUM OF EMBS IN SECTION 5 = 6
INFO:root:NUM OF EMBS IN SECTION 6 = 4
INFO:root:NUM OF EMBS IN SECTION 7 = 3
INFO:root:NUM OF EMBS IN SECTION 8 = 4
INFO:root:NUM OF EMBS IN SECTION 9 = 2
INFO:root:NUM OF EMBS IN SECTION 10 = 9
INFO:root:NUM OF EMBS IN SECTION 11 = 3
INFO:root:NUM OF EMBS IN SECTION 12 = 2
INFO:root:NUM OF EMBS IN SECTION 13 = 10
INFO:root:NUM OF EMBS IN SECTION 14 = 10
INFO:root:NUM OF EMBS IN SECTION 15 = 2
INFO:root:NUM OF EMBS IN SECTION 16 = 27
INFO:root:NUM OF EMBS IN SECTION 17 = 13
INFO:root:NUM OF EMBS IN SECTION 18 = 4
INFO:root:NUM OF EMBS IN SECTION 19 = 6
INFO:root:NUM OF EMBS IN SECTION 20 = 4
INFO:root:NUM OF EMBS IN SECTION 21 = 6
INFO:root:NUM OF EMBS IN SECTION 22 = 3
INFO:root:NUM OF EMBS IN SECTION 23 = 1
INFO:root:NUM OF EMBS IN SECTION 24 = 5
INFO:root:NUM OF EMBS IN SECTION 25 = 3
INFO:root:NUM OF EMBS IN SECTION 26 = 4
INFO:root:NUM OF EMBS IN SECTION 27 = 8
INFO:root:NUM OF EMBS IN SECTION 28 = 3
INFO:root:NUM OF EMBS IN SECTION 29 = 7
INFO:Prototype_embs_INFO:END OF FILE - SAVING EMBEDDINGS FOR 2311.00207v3_content.txt

INFO:Prototype_embs_INFO:
STARTING EMBEDDING PROCESS!
INFO:Prototype_embs_INFO:STARTING TO EMBED: 2308.07279v2_content.txt
INFO:Prototype_embs_INFO:SKIPPING FILE 2308.07279v2_content.txt

INFO:root:NUM OF EMBS IN SECTION 2 = 1
INFO:root:NUM OF EMBS IN SECTION 3 = 8
INFO:root:NUM OF EMBS IN SECTION 4 = 2
INFO:root:NUM OF EMBS IN SECTION 5 = 1
INFO:root:NUM OF EMBS IN SECTION 6 = 1
INFO:root:NUM OF EMBS IN SECTION 7 = 1
INFO:root:NUM OF EMBS IN SECTION 8 = 2
INFO:root:NUM OF EMBS IN SECTION 9 = 4
INFO:root:NUM OF EMBS IN SECTION 10 = 3
INFO:root:NUM OF EMBS IN SECTION 11 = 3
INFO:root:NUM OF EMBS IN SECTION 12 = 2
INFO:root:NUM OF EMBS IN SECTION 13 = 5
INFO:root:NUM OF EMBS IN SECTION 14 = 1
INFO:root:NUM OF EMBS IN SECTION 15 = 1
INFO:root:NUM OF EMBS IN SECTION 16 = 4
INFO:root:NUM OF EMBS IN SECTION 17 = 1
INFO:Prototype_embs_INFO:END OF FILE - SAVING EMBEDDINGS FOR 2308.07279v2_content.txt

INFO:Prototype_embs_INFO:STARTING TO EMBED: 2309.01837v3_content.txt
INFO:Prototype_embs_INFO:SKIPPING FILE 2309.01837v3_content.txt

INFO:root:NUM OF EMBS IN SECTION 2 = 2
INFO:root:NUM OF EMBS IN SECTION 3 = 19
INFO:root:NUM OF EMBS IN SECTION 4 = 6
INFO:root:NUM OF EMBS IN SECTION 5 = 5
INFO:root:NUM OF EMBS IN SECTION 6 = 18
INFO:root:NUM OF EMBS IN SECTION 7 = 26
INFO:root:NUM OF EMBS IN SECTION 8 = 7
INFO:root:NUM OF EMBS IN SECTION 9 = 9
INFO:root:NUM OF EMBS IN SECTION 10 = 12
INFO:root:NUM OF EMBS IN SECTION 11 = 51
INFO:Prototype_embs_INFO:END OF FILE - SAVING EMBEDDINGS FOR 2309.01837v3_content.txt

INFO:Prototype_embs_INFO:STARTING TO EMBED: 2311.00207v3_content.txt
INFO:Prototype_embs_INFO:SKIPPING FILE 2311.00207v3_content.txt

INFO:root:NUM OF EMBS IN SECTION 2 = 4
INFO:root:NUM OF EMBS IN SECTION 3 = 28
INFO:root:NUM OF EMBS IN SECTION 4 = 2
INFO:root:NUM OF EMBS IN SECTION 5 = 6
INFO:root:NUM OF EMBS IN SECTION 6 = 4
INFO:root:NUM OF EMBS IN SECTION 7 = 3
INFO:root:NUM OF EMBS IN SECTION 8 = 4
INFO:root:NUM OF EMBS IN SECTION 9 = 2
INFO:root:NUM OF EMBS IN SECTION 10 = 9
INFO:root:NUM OF EMBS IN SECTION 11 = 3
INFO:root:NUM OF EMBS IN SECTION 12 = 2
INFO:root:NUM OF EMBS IN SECTION 13 = 10
INFO:root:NUM OF EMBS IN SECTION 14 = 10
INFO:root:NUM OF EMBS IN SECTION 15 = 2
INFO:root:NUM OF EMBS IN SECTION 16 = 27
INFO:root:NUM OF EMBS IN SECTION 17 = 13
INFO:root:NUM OF EMBS IN SECTION 18 = 4
INFO:root:NUM OF EMBS IN SECTION 19 = 6
INFO:root:NUM OF EMBS IN SECTION 20 = 4
INFO:root:NUM OF EMBS IN SECTION 21 = 6
INFO:root:NUM OF EMBS IN SECTION 22 = 3
INFO:root:NUM OF EMBS IN SECTION 23 = 1
INFO:root:NUM OF EMBS IN SECTION 24 = 5
INFO:root:NUM OF EMBS IN SECTION 25 = 3
INFO:root:NUM OF EMBS IN SECTION 26 = 4
INFO:root:NUM OF EMBS IN SECTION 27 = 8
INFO:root:NUM OF EMBS IN SECTION 28 = 3
INFO:root:NUM OF EMBS IN SECTION 29 = 7
INFO:Prototype_embs_INFO:END OF FILE - SAVING EMBEDDINGS FOR 2311.00207v3_content.txt

INFO:Prototype_embs_INFO:STARTING TO EMBED: 2312.09440v2_content.txt
INFO:Prototype_embs_INFO:SKIPPING FILE 2312.09440v2_content.txt

INFO:root:NUM OF EMBS IN SECTION 2 = 3
INFO:root:NUM OF EMBS IN SECTION 3 = 35
INFO:root:NUM OF EMBS IN SECTION 4 = 16
INFO:root:NUM OF EMBS IN SECTION 5 = 22
INFO:root:NUM OF EMBS IN SECTION 6 = 24
INFO:root:NUM OF EMBS IN SECTION 7 = 8
INFO:root:NUM OF EMBS IN SECTION 8 = 8
INFO:root:NUM OF EMBS IN SECTION 9 = 9
INFO:Prototype_embs_INFO:END OF FILE - SAVING EMBEDDINGS FOR 2312.09440v2_content.txt

INFO:Prototype_embs_INFO:STARTING TO EMBED: 2403.03802v2_content.txt
INFO:Prototype_embs_INFO:SKIPPING FILE 2403.03802v2_content.txt

INFO:root:NUM OF EMBS IN SECTION 2 = 4
INFO:root:NUM OF EMBS IN SECTION 3 = 10
INFO:root:NUM OF EMBS IN SECTION 4 = 28
INFO:root:NUM OF EMBS IN SECTION 5 = 11
INFO:root:NUM OF EMBS IN SECTION 6 = 24
INFO:root:NUM OF EMBS IN SECTION 7 = 21
INFO:root:NUM OF EMBS IN SECTION 8 = 1
INFO:root:NUM OF EMBS IN SECTION 9 = 34
INFO:root:NUM OF EMBS IN SECTION 10 = 16
INFO:root:NUM OF EMBS IN SECTION 11 = 22
INFO:root:NUM OF EMBS IN SECTION 12 = 24
INFO:root:NUM OF EMBS IN SECTION 13 = 2
INFO:Prototype_embs_INFO:END OF FILE - SAVING EMBEDDINGS FOR 2403.03802v2_content.txt

INFO:Prototype_embs_INFO:STARTING TO EMBED: 2403.11585v3_content.txt
INFO:Prototype_embs_INFO:SKIPPING FILE 2403.11585v3_content.txt

INFO:root:NUM OF EMBS IN SECTION 2 = 2
INFO:root:NUM OF EMBS IN SECTION 3 = 10
INFO:root:NUM OF EMBS IN SECTION 4 = 24
INFO:root:NUM OF EMBS IN SECTION 5 = 1
INFO:root:NUM OF EMBS IN SECTION 6 = 6
INFO:root:NUM OF EMBS IN SECTION 7 = 3
INFO:root:NUM OF EMBS IN SECTION 8 = 5
INFO:root:NUM OF EMBS IN SECTION 9 = 1
INFO:root:NUM OF EMBS IN SECTION 10 = 4
INFO:root:NUM OF EMBS IN SECTION 11 = 5
INFO:root:NUM OF EMBS IN SECTION 12 = 1
INFO:root:NUM OF EMBS IN SECTION 13 = 3
INFO:root:NUM OF EMBS IN SECTION 14 = 2
INFO:Prototype_embs_INFO:END OF FILE - SAVING EMBEDDINGS FOR 2403.11585v3_content.txt

INFO:Prototype_embs_INFO:STARTING TO EMBED: 2403.12778v2_content.txt
INFO:Prototype_embs_INFO:SKIPPING FILE 2403.12778v2_content.txt

INFO:root:NUM OF EMBS IN SECTION 2 = 14
INFO:root:NUM OF EMBS IN SECTION 3 = 38
INFO:root:NUM OF EMBS IN SECTION 4 = 21
INFO:root:NUM OF EMBS IN SECTION 5 = 11
INFO:root:NUM OF EMBS IN SECTION 6 = 7
INFO:root:NUM OF EMBS IN SECTION 7 = 5
INFO:root:NUM OF EMBS IN SECTION 8 = 14
INFO:root:NUM OF EMBS IN SECTION 9 = 20
INFO:root:NUM OF EMBS IN SECTION 10 = 6
INFO:root:NUM OF EMBS IN SECTION 11 = 9
INFO:root:NUM OF EMBS IN SECTION 12 = 11
INFO:root:NUM OF EMBS IN SECTION 13 = 18
INFO:root:NUM OF EMBS IN SECTION 14 = 23
INFO:root:NUM OF EMBS IN SECTION 15 = 25
INFO:root:NUM OF EMBS IN SECTION 16 = 6
INFO:root:NUM OF EMBS IN SECTION 17 = 10
INFO:root:NUM OF EMBS IN SECTION 18 = 7
INFO:root:NUM OF EMBS IN SECTION 19 = 6
INFO:root:NUM OF EMBS IN SECTION 20 = 8
INFO:Prototype_embs_INFO:END OF FILE - SAVING EMBEDDINGS FOR 2403.12778v2_content.txt

INFO:Prototype_embs_INFO:STARTING TO EMBED: 2404.01415v2_content.txt
INFO:Prototype_embs_INFO:SKIPPING FILE 2404.01415v2_content.txt

INFO:root:NUM OF EMBS IN SECTION 2 = 10
INFO:root:NUM OF EMBS IN SECTION 3 = 28
INFO:root:NUM OF EMBS IN SECTION 4 = 5
INFO:root:NUM OF EMBS IN SECTION 5 = 11
INFO:root:NUM OF EMBS IN SECTION 6 = 16
INFO:root:NUM OF EMBS IN SECTION 7 = 4
INFO:root:NUM OF EMBS IN SECTION 8 = 6
INFO:root:NUM OF EMBS IN SECTION 9 = 5
INFO:root:NUM OF EMBS IN SECTION 10 = 14
INFO:root:NUM OF EMBS IN SECTION 11 = 31
INFO:root:NUM OF EMBS IN SECTION 12 = 6
INFO:root:NUM OF EMBS IN SECTION 13 = 13
INFO:root:NUM OF EMBS IN SECTION 14 = 14
INFO:Prototype_embs_INFO:END OF FILE - SAVING EMBEDDINGS FOR 2404.01415v2_content.txt

INFO:Prototype_embs_INFO:STARTING TO EMBED: 2405.17388v2_content.txt
INFO:Prototype_embs_INFO:SKIPPING FILE 2405.17388v2_content.txt

INFO:root:NUM OF EMBS IN SECTION 2 = 1
INFO:root:NUM OF EMBS IN SECTION 3 = 9
INFO:root:NUM OF EMBS IN SECTION 4 = 6
INFO:root:NUM OF EMBS IN SECTION 5 = 3
INFO:root:NUM OF EMBS IN SECTION 6 = 7
INFO:root:NUM OF EMBS IN SECTION 7 = 14
INFO:root:NUM OF EMBS IN SECTION 8 = 5
INFO:root:NUM OF EMBS IN SECTION 9 = 39
INFO:root:NUM OF EMBS IN SECTION 10 = 7
INFO:root:NUM OF EMBS IN SECTION 11 = 29
INFO:root:NUM OF EMBS IN SECTION 12 = 32
INFO:root:NUM OF EMBS IN SECTION 13 = 14
INFO:root:NUM OF EMBS IN SECTION 14 = 1
INFO:root:NUM OF EMBS IN SECTION 15 = 16
INFO:root:NUM OF EMBS IN SECTION 16 = 36
INFO:root:NUM OF EMBS IN SECTION 17 = 17
INFO:root:NUM OF EMBS IN SECTION 18 = 11
INFO:root:NUM OF EMBS IN SECTION 19 = 5
INFO:Prototype_embs_INFO:END OF FILE - SAVING EMBEDDINGS FOR 2405.17388v2_content.txt

INFO:Prototype_embs_INFO:STARTING TO EMBED: 2406.08298v5_content.txt
INFO:Prototype_embs_INFO:SKIPPING FILE 2406.08298v5_content.txt

INFO:root:NUM OF EMBS IN SECTION 2 = 1
INFO:root:NUM OF EMBS IN SECTION 3 = 7
INFO:root:NUM OF EMBS IN SECTION 4 = 3
INFO:root:NUM OF EMBS IN SECTION 5 = 1
INFO:root:NUM OF EMBS IN SECTION 6 = 1
INFO:root:NUM OF EMBS IN SECTION 7 = 1
INFO:root:NUM OF EMBS IN SECTION 8 = 10
INFO:root:NUM OF EMBS IN SECTION 9 = 6
INFO:root:NUM OF EMBS IN SECTION 10 = 3
INFO:root:NUM OF EMBS IN SECTION 11 = 1
INFO:root:NUM OF EMBS IN SECTION 12 = 3
INFO:root:NUM OF EMBS IN SECTION 13 = 2
INFO:root:NUM OF EMBS IN SECTION 14 = 7
INFO:root:NUM OF EMBS IN SECTION 15 = 3
INFO:root:NUM OF EMBS IN SECTION 16 = 1
INFO:root:NUM OF EMBS IN SECTION 17 = 1
INFO:Prototype_embs_INFO:END OF FILE - SAVING EMBEDDINGS FOR 2406.08298v5_content.txt

INFO:Prototype_embs_INFO:STARTING TO EMBED: 2406.15955v2_content.txt
INFO:Prototype_embs_INFO:SKIPPING FILE 2406.15955v2_content.txt

INFO:root:NUM OF EMBS IN SECTION 2 = 1
INFO:root:NUM OF EMBS IN SECTION 3 = 8
INFO:root:NUM OF EMBS IN SECTION 4 = 6
INFO:root:NUM OF EMBS IN SECTION 5 = 9
INFO:root:NUM OF EMBS IN SECTION 6 = 5
INFO:root:NUM OF EMBS IN SECTION 7 = 11
INFO:root:NUM OF EMBS IN SECTION 8 = 2
INFO:root:NUM OF EMBS IN SECTION 9 = 5
INFO:Prototype_embs_INFO:END OF FILE - SAVING EMBEDDINGS FOR 2406.15955v2_content.txt

INFO:Prototype_embs_INFO:STARTING TO EMBED: 2407.05941v4_content.txt
INFO:Prototype_embs_INFO:SKIPPING FILE 2407.05941v4_content.txt

INFO:root:NUM OF EMBS IN SECTION 2 = 9
INFO:root:NUM OF EMBS IN SECTION 3 = 19
INFO:root:NUM OF EMBS IN SECTION 4 = 2
INFO:root:NUM OF EMBS IN SECTION 5 = 10
INFO:root:NUM OF EMBS IN SECTION 6 = 18
INFO:root:NUM OF EMBS IN SECTION 7 = 11
INFO:root:NUM OF EMBS IN SECTION 8 = 72
INFO:root:NUM OF EMBS IN SECTION 9 = 51
INFO:root:NUM OF EMBS IN SECTION 10 = 10
INFO:root:NUM OF EMBS IN SECTION 11 = 6
INFO:root:NUM OF EMBS IN SECTION 12 = 3
INFO:root:NUM OF EMBS IN SECTION 13 = 15
INFO:root:NUM OF EMBS IN SECTION 14 = 16
INFO:root:NUM OF EMBS IN SECTION 15 = 23
INFO:root:NUM OF EMBS IN SECTION 16 = 2
INFO:Prototype_embs_INFO:END OF FILE - SAVING EMBEDDINGS FOR 2407.05941v4_content.txt

INFO:Prototype_embs_INFO:STARTING TO EMBED: 2409.04405v2_content.txt
INFO:Prototype_embs_INFO:SKIPPING FILE 2409.04405v2_content.txt

INFO:root:NUM OF EMBS IN SECTION 2 = 1
INFO:root:NUM OF EMBS IN SECTION 3 = 13
INFO:root:NUM OF EMBS IN SECTION 4 = 12
INFO:root:NUM OF EMBS IN SECTION 5 = 9
INFO:root:NUM OF EMBS IN SECTION 6 = 10
INFO:root:NUM OF EMBS IN SECTION 7 = 12
INFO:root:NUM OF EMBS IN SECTION 8 = 2
INFO:root:NUM OF EMBS IN SECTION 9 = 13
INFO:root:NUM OF EMBS IN SECTION 10 = 7
INFO:root:NUM OF EMBS IN SECTION 11 = 1
INFO:root:NUM OF EMBS IN SECTION 12 = 7
INFO:root:NUM OF EMBS IN SECTION 13 = 7
INFO:root:NUM OF EMBS IN SECTION 14 = 13
INFO:root:NUM OF EMBS IN SECTION 15 = 11
INFO:root:NUM OF EMBS IN SECTION 16 = 1
INFO:root:NUM OF EMBS IN SECTION 17 = 7
INFO:Prototype_embs_INFO:END OF FILE - SAVING EMBEDDINGS FOR 2409.04405v2_content.txt

INFO:Prototype_embs_INFO:STARTING TO EMBED: 2410.14845v2_content.txt
INFO:Prototype_embs_INFO:SKIPPING FILE 2410.14845v2_content.txt

INFO:root:NUM OF EMBS IN SECTION 2 = 1
INFO:root:NUM OF EMBS IN SECTION 3 = 5
INFO:root:NUM OF EMBS IN SECTION 4 = 1
INFO:root:NUM OF EMBS IN SECTION 5 = 1
INFO:root:NUM OF EMBS IN SECTION 6 = 5
INFO:root:NUM OF EMBS IN SECTION 7 = 3
INFO:root:NUM OF EMBS IN SECTION 8 = 2
INFO:root:NUM OF EMBS IN SECTION 9 = 1
INFO:root:NUM OF EMBS IN SECTION 10 = 2
INFO:root:NUM OF EMBS IN SECTION 11 = 5
INFO:root:NUM OF EMBS IN SECTION 12 = 3
INFO:root:NUM OF EMBS IN SECTION 13 = 2
INFO:root:NUM OF EMBS IN SECTION 14 = 5
INFO:Prototype_embs_INFO:END OF FILE - SAVING EMBEDDINGS FOR 2410.14845v2_content.txt

INFO:Prototype_embs_INFO:STARTING TO EMBED: 2410.23279v3_content.txt
INFO:Prototype_embs_INFO:SKIPPING FILE 2410.23279v3_content.txt

INFO:root:NUM OF EMBS IN SECTION 2 = 1
INFO:root:NUM OF EMBS IN SECTION 3 = 8
INFO:root:NUM OF EMBS IN SECTION 4 = 7
INFO:root:NUM OF EMBS IN SECTION 5 = 11
INFO:root:NUM OF EMBS IN SECTION 6 = 4
INFO:root:NUM OF EMBS IN SECTION 7 = 1
INFO:root:NUM OF EMBS IN SECTION 8 = 7
INFO:root:NUM OF EMBS IN SECTION 9 = 4
INFO:Prototype_embs_INFO:END OF FILE - SAVING EMBEDDINGS FOR 2410.23279v3_content.txt

INFO:Prototype_embs_INFO:STARTING TO EMBED: 2411.06091v1_content.txt
INFO:Prototype_embs_INFO:SKIPPING FILE 2411.06091v1_content.txt

INFO:root:NUM OF EMBS IN SECTION 2 = 1
INFO:root:NUM OF EMBS IN SECTION 3 = 8
INFO:root:NUM OF EMBS IN SECTION 4 = 3
INFO:root:NUM OF EMBS IN SECTION 5 = 2
INFO:root:NUM OF EMBS IN SECTION 6 = 2
INFO:root:NUM OF EMBS IN SECTION 7 = 2
INFO:root:NUM OF EMBS IN SECTION 8 = 4
INFO:root:NUM OF EMBS IN SECTION 9 = 3
INFO:root:NUM OF EMBS IN SECTION 10 = 5
INFO:root:NUM OF EMBS IN SECTION 11 = 2
INFO:root:NUM OF EMBS IN SECTION 12 = 1
INFO:root:NUM OF EMBS IN SECTION 13 = 3
INFO:root:NUM OF EMBS IN SECTION 14 = 3
INFO:root:NUM OF EMBS IN SECTION 15 = 3
INFO:root:NUM OF EMBS IN SECTION 16 = 3
INFO:root:NUM OF EMBS IN SECTION 17 = 5
INFO:root:NUM OF EMBS IN SECTION 18 = 1
INFO:root:NUM OF EMBS IN SECTION 19 = 1
INFO:root:NUM OF EMBS IN SECTION 20 = 1
INFO:root:NUM OF EMBS IN SECTION 21 = 1
INFO:root:NUM OF EMBS IN SECTION 22 = 1
INFO:Prototype_embs_INFO:END OF FILE - SAVING EMBEDDINGS FOR 2411.06091v1_content.txt

INFO:Prototype_embs_INFO:STARTING TO EMBED: 2411.06786v1_content.txt
INFO:Prototype_embs_INFO:SKIPPING FILE 2411.06786v1_content.txt

INFO:root:NUM OF EMBS IN SECTION 2 = 3
INFO:root:NUM OF EMBS IN SECTION 3 = 13
INFO:root:NUM OF EMBS IN SECTION 4 = 1
INFO:root:NUM OF EMBS IN SECTION 5 = 12
INFO:root:NUM OF EMBS IN SECTION 6 = 3
INFO:root:NUM OF EMBS IN SECTION 7 = 8
INFO:root:NUM OF EMBS IN SECTION 8 = 7
INFO:root:NUM OF EMBS IN SECTION 9 = 3
INFO:root:NUM OF EMBS IN SECTION 10 = 3
INFO:root:NUM OF EMBS IN SECTION 11 = 2
INFO:root:NUM OF EMBS IN SECTION 12 = 2
INFO:root:NUM OF EMBS IN SECTION 13 = 2
INFO:root:NUM OF EMBS IN SECTION 14 = 1
INFO:root:NUM OF EMBS IN SECTION 15 = 4
INFO:root:NUM OF EMBS IN SECTION 16 = 3
INFO:Prototype_embs_INFO:END OF FILE - SAVING EMBEDDINGS FOR 2411.06786v1_content.txt

INFO:Prototype_embs_INFO:STARTING TO EMBED: 2411.07265v2_content.txt
INFO:Prototype_embs_INFO:SKIPPING FILE 2411.07265v2_content.txt

INFO:root:NUM OF EMBS IN SECTION 2 = 1
INFO:root:NUM OF EMBS IN SECTION 3 = 7
INFO:root:NUM OF EMBS IN SECTION 4 = 1
INFO:root:NUM OF EMBS IN SECTION 5 = 2
INFO:root:NUM OF EMBS IN SECTION 6 = 3
INFO:root:NUM OF EMBS IN SECTION 7 = 1
INFO:root:NUM OF EMBS IN SECTION 8 = 1
INFO:root:NUM OF EMBS IN SECTION 9 = 3
INFO:root:NUM OF EMBS IN SECTION 10 = 1
INFO:root:NUM OF EMBS IN SECTION 11 = 1
INFO:root:NUM OF EMBS IN SECTION 12 = 7
INFO:root:NUM OF EMBS IN SECTION 13 = 4
INFO:root:NUM OF EMBS IN SECTION 14 = 1
INFO:root:NUM OF EMBS IN SECTION 15 = 2
INFO:root:NUM OF EMBS IN SECTION 16 = 1
INFO:Prototype_embs_INFO:END OF FILE - SAVING EMBEDDINGS FOR 2411.07265v2_content.txt

INFO:Prototype_embs_INFO:STARTING TO EMBED: 2411.09101v1_content.txt
INFO:Prototype_embs_INFO:SKIPPING FILE 2411.09101v1_content.txt

INFO:root:NUM OF EMBS IN SECTION 2 = 1
INFO:root:NUM OF EMBS IN SECTION 3 = 10
INFO:root:NUM OF EMBS IN SECTION 4 = 5
INFO:root:NUM OF EMBS IN SECTION 5 = 1
INFO:root:NUM OF EMBS IN SECTION 6 = 1
INFO:root:NUM OF EMBS IN SECTION 7 = 1
INFO:root:NUM OF EMBS IN SECTION 8 = 5
INFO:root:NUM OF EMBS IN SECTION 9 = 8
INFO:root:NUM OF EMBS IN SECTION 10 = 1
INFO:root:NUM OF EMBS IN SECTION 11 = 3
INFO:root:NUM OF EMBS IN SECTION 12 = 5
INFO:Prototype_embs_INFO:END OF FILE - SAVING EMBEDDINGS FOR 2411.09101v1_content.txt

INFO:Prototype_embs_INFO:STARTING TO EMBED: 2411.09324v2_content.txt
INFO:Prototype_embs_INFO:SKIPPING FILE 2411.09324v2_content.txt

INFO:Prototype_embs_INFO:STARTING TO EMBED: 2411.09420v1_content.txt
INFO:Prototype_embs_INFO:SKIPPING FILE 2411.09420v1_content.txt

INFO:root:NUM OF EMBS IN SECTION 2 = 1
INFO:root:NUM OF EMBS IN SECTION 3 = 9
INFO:root:NUM OF EMBS IN SECTION 4 = 1
INFO:root:NUM OF EMBS IN SECTION 5 = 3
INFO:root:NUM OF EMBS IN SECTION 6 = 2
INFO:root:NUM OF EMBS IN SECTION 7 = 2
INFO:root:NUM OF EMBS IN SECTION 8 = 1
INFO:root:NUM OF EMBS IN SECTION 9 = 1
INFO:root:NUM OF EMBS IN SECTION 10 = 10
INFO:root:NUM OF EMBS IN SECTION 11 = 4
INFO:root:NUM OF EMBS IN SECTION 12 = 13
INFO:root:NUM OF EMBS IN SECTION 13 = 5
INFO:root:NUM OF EMBS IN SECTION 14 = 1
INFO:root:NUM OF EMBS IN SECTION 15 = 12
INFO:root:NUM OF EMBS IN SECTION 16 = 3
INFO:root:NUM OF EMBS IN SECTION 17 = 5
INFO:root:NUM OF EMBS IN SECTION 18 = 5
INFO:Prototype_embs_INFO:END OF FILE - SAVING EMBEDDINGS FOR 2411.09420v1_content.txt

INFO:Prototype_embs_INFO:STARTING TO EMBED: 2411.09598v1_content.txt
INFO:Prototype_embs_INFO:SKIPPING FILE 2411.09598v1_content.txt

INFO:root:NUM OF EMBS IN SECTION 2 = 2
INFO:root:NUM OF EMBS IN SECTION 3 = 9
INFO:root:NUM OF EMBS IN SECTION 4 = 3
INFO:root:NUM OF EMBS IN SECTION 5 = 1
INFO:root:NUM OF EMBS IN SECTION 6 = 1
INFO:root:NUM OF EMBS IN SECTION 7 = 2
INFO:root:NUM OF EMBS IN SECTION 8 = 4
INFO:root:NUM OF EMBS IN SECTION 9 = 1
INFO:Prototype_embs_INFO:END OF FILE - SAVING EMBEDDINGS FOR 2411.09598v1_content.txt

INFO:Prototype_embs_INFO:STARTING TO EMBED: 2411.09702v1_content.txt
INFO:Prototype_embs_INFO:SKIPPING FILE 2411.09702v1_content.txt

INFO:root:NUM OF EMBS IN SECTION 2 = 7
INFO:root:NUM OF EMBS IN SECTION 3 = 8
INFO:root:NUM OF EMBS IN SECTION 4 = 8
INFO:root:NUM OF EMBS IN SECTION 5 = 2
INFO:root:NUM OF EMBS IN SECTION 6 = 7
INFO:root:NUM OF EMBS IN SECTION 7 = 1
INFO:root:NUM OF EMBS IN SECTION 8 = 2
INFO:root:NUM OF EMBS IN SECTION 9 = 2
INFO:root:NUM OF EMBS IN SECTION 10 = 2
INFO:root:NUM OF EMBS IN SECTION 11 = 3
INFO:root:NUM OF EMBS IN SECTION 12 = 8
INFO:root:NUM OF EMBS IN SECTION 13 = 7
INFO:root:NUM OF EMBS IN SECTION 14 = 1
INFO:root:NUM OF EMBS IN SECTION 15 = 1
INFO:root:NUM OF EMBS IN SECTION 16 = 1
INFO:root:NUM OF EMBS IN SECTION 17 = 1
INFO:root:NUM OF EMBS IN SECTION 18 = 1
INFO:root:NUM OF EMBS IN SECTION 19 = 1
INFO:root:NUM OF EMBS IN SECTION 20 = 10
INFO:root:NUM OF EMBS IN SECTION 21 = 7
INFO:Prototype_embs_INFO:END OF FILE - SAVING EMBEDDINGS FOR 2411.09702v1_content.txt

INFO:Prototype_embs_INFO:STARTING TO EMBED: 2411.10718v3_content.txt
INFO:Prototype_embs_INFO:SKIPPING FILE 2411.10718v3_content.txt

INFO:root:NUM OF EMBS IN SECTION 2 = 1
INFO:root:NUM OF EMBS IN SECTION 3 = 3
INFO:root:NUM OF EMBS IN SECTION 4 = 2
INFO:root:NUM OF EMBS IN SECTION 5 = 2
INFO:root:NUM OF EMBS IN SECTION 6 = 1
INFO:root:NUM OF EMBS IN SECTION 7 = 3
INFO:root:NUM OF EMBS IN SECTION 8 = 1
INFO:root:NUM OF EMBS IN SECTION 9 = 2
INFO:root:NUM OF EMBS IN SECTION 10 = 1
INFO:root:NUM OF EMBS IN SECTION 11 = 2
INFO:root:NUM OF EMBS IN SECTION 12 = 1
INFO:root:NUM OF EMBS IN SECTION 13 = 1
INFO:root:NUM OF EMBS IN SECTION 14 = 3
INFO:root:NUM OF EMBS IN SECTION 15 = 1
INFO:root:NUM OF EMBS IN SECTION 16 = 19
INFO:Prototype_embs_INFO:END OF FILE - SAVING EMBEDDINGS FOR 2411.10718v3_content.txt

INFO:Prototype_embs_INFO:STARTING TO EMBED: 2411.11214v1_content.txt
INFO:Prototype_embs_INFO:SKIPPING FILE 2411.11214v1_content.txt

INFO:root:NUM OF EMBS IN SECTION 2 = 2
INFO:root:NUM OF EMBS IN SECTION 3 = 9
INFO:root:NUM OF EMBS IN SECTION 4 = 4
INFO:root:NUM OF EMBS IN SECTION 5 = 3
INFO:root:NUM OF EMBS IN SECTION 6 = 1
INFO:root:NUM OF EMBS IN SECTION 7 = 1
INFO:root:NUM OF EMBS IN SECTION 8 = 19
INFO:root:NUM OF EMBS IN SECTION 9 = 2
INFO:root:NUM OF EMBS IN SECTION 10 = 2
INFO:root:NUM OF EMBS IN SECTION 11 = 3
INFO:Prototype_embs_INFO:END OF FILE - SAVING EMBEDDINGS FOR 2411.11214v1_content.txt

INFO:Prototype_embs_INFO:STARTING TO EMBED: 2411.11376v1_content.txt
INFO:Prototype_embs_INFO:SKIPPING FILE 2411.11376v1_content.txt

INFO:root:NUM OF EMBS IN SECTION 2 = 3
INFO:root:NUM OF EMBS IN SECTION 3 = 4
INFO:root:NUM OF EMBS IN SECTION 4 = 3
INFO:root:NUM OF EMBS IN SECTION 5 = 3
INFO:root:NUM OF EMBS IN SECTION 6 = 9
INFO:root:NUM OF EMBS IN SECTION 7 = 5
INFO:root:NUM OF EMBS IN SECTION 8 = 5
INFO:root:NUM OF EMBS IN SECTION 9 = 1
INFO:root:NUM OF EMBS IN SECTION 10 = 1
INFO:root:NUM OF EMBS IN SECTION 11 = 3
INFO:root:NUM OF EMBS IN SECTION 12 = 4
INFO:root:NUM OF EMBS IN SECTION 13 = 2
INFO:root:NUM OF EMBS IN SECTION 14 = 4
INFO:Prototype_embs_INFO:END OF FILE - SAVING EMBEDDINGS FOR 2411.11376v1_content.txt

INFO:Prototype_embs_INFO:STARTING TO EMBED: 2411.12028v1_content.txt
INFO:Prototype_embs_INFO:SKIPPING FILE 2411.12028v1_content.txt

INFO:root:NUM OF EMBS IN SECTION 2 = 1
INFO:root:NUM OF EMBS IN SECTION 3 = 13
INFO:root:NUM OF EMBS IN SECTION 4 = 2
INFO:root:NUM OF EMBS IN SECTION 5 = 1
INFO:root:NUM OF EMBS IN SECTION 6 = 6
INFO:root:NUM OF EMBS IN SECTION 7 = 1
INFO:root:NUM OF EMBS IN SECTION 8 = 12
INFO:root:NUM OF EMBS IN SECTION 9 = 1
INFO:root:NUM OF EMBS IN SECTION 10 = 2
INFO:root:NUM OF EMBS IN SECTION 11 = 2
INFO:root:NUM OF EMBS IN SECTION 12 = 4
INFO:root:NUM OF EMBS IN SECTION 13 = 2
INFO:Prototype_embs_INFO:END OF FILE - SAVING EMBEDDINGS FOR 2411.12028v1_content.txt

INFO:Prototype_embs_INFO:STARTING TO EMBED: 2411.12874v1_content.txt
INFO:Prototype_embs_INFO:SKIPPING FILE 2411.12874v1_content.txt

INFO:root:NUM OF EMBS IN SECTION 2 = 2
INFO:root:NUM OF EMBS IN SECTION 3 = 8
INFO:root:NUM OF EMBS IN SECTION 4 = 2
INFO:root:NUM OF EMBS IN SECTION 5 = 10
INFO:root:NUM OF EMBS IN SECTION 6 = 1
INFO:root:NUM OF EMBS IN SECTION 7 = 6
INFO:root:NUM OF EMBS IN SECTION 8 = 1
INFO:root:NUM OF EMBS IN SECTION 9 = 2
INFO:root:NUM OF EMBS IN SECTION 10 = 1
INFO:root:NUM OF EMBS IN SECTION 11 = 1
INFO:root:NUM OF EMBS IN SECTION 12 = 3
INFO:root:NUM OF EMBS IN SECTION 13 = 3
INFO:root:NUM OF EMBS IN SECTION 14 = 2
INFO:Prototype_embs_INFO:END OF FILE - SAVING EMBEDDINGS FOR 2411.12874v1_content.txt

INFO:Prototype_embs_INFO:STARTING TO EMBED: 2411.13037v1_content.txt
INFO:Prototype_embs_INFO:SKIPPING FILE 2411.13037v1_content.txt

INFO:root:NUM OF EMBS IN SECTION 2 = 6
INFO:root:NUM OF EMBS IN SECTION 3 = 38
INFO:root:NUM OF EMBS IN SECTION 4 = 1
INFO:root:NUM OF EMBS IN SECTION 5 = 4
INFO:root:NUM OF EMBS IN SECTION 6 = 9
INFO:root:NUM OF EMBS IN SECTION 7 = 16
INFO:root:NUM OF EMBS IN SECTION 8 = 18
INFO:root:NUM OF EMBS IN SECTION 9 = 10
INFO:root:NUM OF EMBS IN SECTION 10 = 12
INFO:root:NUM OF EMBS IN SECTION 11 = 40
INFO:root:NUM OF EMBS IN SECTION 12 = 3
INFO:root:NUM OF EMBS IN SECTION 13 = 37
INFO:root:NUM OF EMBS IN SECTION 14 = 21
INFO:Prototype_embs_INFO:END OF FILE - SAVING EMBEDDINGS FOR 2411.13037v1_content.txt

INFO:Prototype_embs_INFO:STARTING TO EMBED: 2411.13321v1_content.txt
INFO:Prototype_embs_INFO:SKIPPING FILE 2411.13321v1_content.txt

INFO:root:NUM OF EMBS IN SECTION 2 = 7
INFO:root:NUM OF EMBS IN SECTION 3 = 22
INFO:root:NUM OF EMBS IN SECTION 4 = 28
INFO:root:NUM OF EMBS IN SECTION 5 = 11
INFO:root:NUM OF EMBS IN SECTION 6 = 34
INFO:root:NUM OF EMBS IN SECTION 7 = 19
INFO:root:NUM OF EMBS IN SECTION 8 = 17
INFO:root:NUM OF EMBS IN SECTION 9 = 6
INFO:root:NUM OF EMBS IN SECTION 10 = 41
INFO:root:NUM OF EMBS IN SECTION 11 = 14
INFO:root:NUM OF EMBS IN SECTION 12 = 25
INFO:Prototype_embs_INFO:END OF FILE - SAVING EMBEDDINGS FOR 2411.13321v1_content.txt

INFO:Prototype_embs_INFO:STARTING TO EMBED: 2411.13400v1_content.txt
INFO:Prototype_embs_INFO:SKIPPING FILE 2411.13400v1_content.txt

INFO:root:NUM OF EMBS IN SECTION 2 = 5
INFO:root:NUM OF EMBS IN SECTION 3 = 23
INFO:root:NUM OF EMBS IN SECTION 4 = 45
INFO:root:NUM OF EMBS IN SECTION 5 = 48
INFO:root:NUM OF EMBS IN SECTION 6 = 29
INFO:Prototype_embs_INFO:END OF FILE - SAVING EMBEDDINGS FOR 2411.13400v1_content.txt

INFO:Prototype_embs_INFO:STARTING TO EMBED: 2411.13423v1_content.txt
INFO:Prototype_embs_INFO:SKIPPING FILE 2411.13423v1_content.txt

INFO:root:NUM OF EMBS IN SECTION 2 = 1
INFO:root:NUM OF EMBS IN SECTION 3 = 13
INFO:root:NUM OF EMBS IN SECTION 4 = 6
INFO:root:NUM OF EMBS IN SECTION 5 = 6
INFO:root:NUM OF EMBS IN SECTION 6 = 20
INFO:root:NUM OF EMBS IN SECTION 7 = 3
INFO:root:NUM OF EMBS IN SECTION 8 = 3
INFO:root:NUM OF EMBS IN SECTION 9 = 4
INFO:root:NUM OF EMBS IN SECTION 10 = 20
INFO:root:NUM OF EMBS IN SECTION 11 = 2
INFO:root:NUM OF EMBS IN SECTION 12 = 6
INFO:root:NUM OF EMBS IN SECTION 13 = 3
INFO:root:NUM OF EMBS IN SECTION 14 = 2
INFO:root:NUM OF EMBS IN SECTION 15 = 27
INFO:root:NUM OF EMBS IN SECTION 16 = 6
INFO:Prototype_embs_INFO:END OF FILE - SAVING EMBEDDINGS FOR 2411.13423v1_content.txt

INFO:Prototype_embs_INFO:STARTING TO EMBED: 2411.13520v1_content.txt
INFO:Prototype_embs_INFO:SKIPPING FILE 2411.13520v1_content.txt

INFO:root:NUM OF EMBS IN SECTION 2 = 1
INFO:root:NUM OF EMBS IN SECTION 3 = 5
INFO:root:NUM OF EMBS IN SECTION 4 = 2
INFO:root:NUM OF EMBS IN SECTION 5 = 9
INFO:root:NUM OF EMBS IN SECTION 6 = 17
INFO:root:NUM OF EMBS IN SECTION 7 = 1
INFO:root:NUM OF EMBS IN SECTION 8 = 12
INFO:root:NUM OF EMBS IN SECTION 9 = 7
INFO:root:NUM OF EMBS IN SECTION 10 = 1
INFO:root:NUM OF EMBS IN SECTION 11 = 1
INFO:root:NUM OF EMBS IN SECTION 12 = 1
INFO:root:NUM OF EMBS IN SECTION 13 = 3
INFO:Prototype_embs_INFO:END OF FILE - SAVING EMBEDDINGS FOR 2411.13520v1_content.txt

INFO:Prototype_embs_INFO:STARTING TO EMBED: 2411.13778v1_content.txt
INFO:Prototype_embs_INFO:SKIPPING FILE 2411.13778v1_content.txt

INFO:root:NUM OF EMBS IN SECTION 2 = 1
INFO:root:NUM OF EMBS IN SECTION 3 = 11
INFO:root:NUM OF EMBS IN SECTION 4 = 10
INFO:root:NUM OF EMBS IN SECTION 5 = 4
INFO:root:NUM OF EMBS IN SECTION 6 = 11
INFO:root:NUM OF EMBS IN SECTION 7 = 14
INFO:root:NUM OF EMBS IN SECTION 8 = 4
INFO:root:NUM OF EMBS IN SECTION 9 = 11
INFO:Prototype_embs_INFO:END OF FILE - SAVING EMBEDDINGS FOR 2411.13778v1_content.txt

INFO:Prototype_embs_INFO:STARTING TO EMBED: 2411.13913v1_content.txt
INFO:Prototype_embs_INFO:SKIPPING FILE 2411.13913v1_content.txt

INFO:root:NUM OF EMBS IN SECTION 2 = 1
INFO:root:NUM OF EMBS IN SECTION 3 = 12
INFO:root:NUM OF EMBS IN SECTION 4 = 10
INFO:root:NUM OF EMBS IN SECTION 5 = 13
INFO:root:NUM OF EMBS IN SECTION 6 = 15
INFO:root:NUM OF EMBS IN SECTION 7 = 1
INFO:root:NUM OF EMBS IN SECTION 8 = 7
INFO:root:NUM OF EMBS IN SECTION 9 = 27
INFO:root:NUM OF EMBS IN SECTION 10 = 5
INFO:root:NUM OF EMBS IN SECTION 11 = 13
INFO:root:NUM OF EMBS IN SECTION 12 = 6
INFO:root:NUM OF EMBS IN SECTION 13 = 1
INFO:Prototype_embs_INFO:END OF FILE - SAVING EMBEDDINGS FOR 2411.13913v1_content.txt

INFO:Prototype_embs_INFO:STARTING TO EMBED: 2411.13929v1_content.txt
INFO:Prototype_embs_INFO:SKIPPING FILE 2411.13929v1_content.txt

INFO:root:NUM OF EMBS IN SECTION 2 = 10
INFO:root:NUM OF EMBS IN SECTION 3 = 14
INFO:root:NUM OF EMBS IN SECTION 4 = 3
INFO:root:NUM OF EMBS IN SECTION 5 = 13
INFO:root:NUM OF EMBS IN SECTION 6 = 15
INFO:root:NUM OF EMBS IN SECTION 7 = 8
INFO:root:NUM OF EMBS IN SECTION 8 = 5
INFO:root:NUM OF EMBS IN SECTION 9 = 3
INFO:root:NUM OF EMBS IN SECTION 10 = 29
INFO:root:NUM OF EMBS IN SECTION 11 = 22
INFO:root:NUM OF EMBS IN SECTION 12 = 19
INFO:root:NUM OF EMBS IN SECTION 13 = 22
INFO:root:NUM OF EMBS IN SECTION 14 = 8
INFO:root:NUM OF EMBS IN SECTION 15 = 20
INFO:root:NUM OF EMBS IN SECTION 16 = 23
INFO:Prototype_embs_INFO:END OF FILE - SAVING EMBEDDINGS FOR 2411.13929v1_content.txt

INFO:Prototype_embs_INFO:STARTING TO EMBED: 2411.13953v1_content.txt
INFO:Prototype_embs_INFO:SKIPPING FILE 2411.13953v1_content.txt

INFO:root:NUM OF EMBS IN SECTION 2 = 3
INFO:root:NUM OF EMBS IN SECTION 3 = 12
INFO:root:NUM OF EMBS IN SECTION 4 = 5
INFO:root:NUM OF EMBS IN SECTION 5 = 1
INFO:root:NUM OF EMBS IN SECTION 6 = 1
INFO:root:NUM OF EMBS IN SECTION 7 = 3
INFO:root:NUM OF EMBS IN SECTION 8 = 1
INFO:root:NUM OF EMBS IN SECTION 9 = 2
INFO:root:NUM OF EMBS IN SECTION 10 = 8
INFO:root:NUM OF EMBS IN SECTION 11 = 3
INFO:Prototype_embs_INFO:END OF FILE - SAVING EMBEDDINGS FOR 2411.13953v1_content.txt

INFO:Prototype_embs_INFO:STARTING TO EMBED: 2411.13975v1_content.txt
INFO:Prototype_embs_INFO:SKIPPING FILE 2411.13975v1_content.txt

INFO:root:NUM OF EMBS IN SECTION 2 = 1
INFO:root:NUM OF EMBS IN SECTION 3 = 8
INFO:root:NUM OF EMBS IN SECTION 4 = 10
INFO:root:NUM OF EMBS IN SECTION 5 = 5
INFO:root:NUM OF EMBS IN SECTION 6 = 5
INFO:Prototype_embs_INFO:END OF FILE - SAVING EMBEDDINGS FOR 2411.13975v1_content.txt

INFO:Prototype_embs_INFO:STARTING TO EMBED: 2411.14040v1_content.txt
INFO:Prototype_embs_INFO:SKIPPING FILE 2411.14040v1_content.txt

INFO:root:NUM OF EMBS IN SECTION 2 = 1
INFO:root:NUM OF EMBS IN SECTION 3 = 9
INFO:root:NUM OF EMBS IN SECTION 4 = 3
INFO:root:NUM OF EMBS IN SECTION 5 = 31
INFO:root:NUM OF EMBS IN SECTION 6 = 1
INFO:root:NUM OF EMBS IN SECTION 7 = 5
INFO:root:NUM OF EMBS IN SECTION 8 = 10
INFO:root:NUM OF EMBS IN SECTION 9 = 7
INFO:root:NUM OF EMBS IN SECTION 10 = 3
INFO:Prototype_embs_INFO:END OF FILE - SAVING EMBEDDINGS FOR 2411.14040v1_content.txt

INFO:Prototype_embs_INFO:STARTING TO EMBED: 2411.14057v1_content.txt
INFO:Prototype_embs_INFO:SKIPPING FILE 2411.14057v1_content.txt

INFO:root:NUM OF EMBS IN SECTION 2 = 20
INFO:root:NUM OF EMBS IN SECTION 3 = 28
INFO:root:NUM OF EMBS IN SECTION 4 = 7
INFO:root:NUM OF EMBS IN SECTION 5 = 54
INFO:root:NUM OF EMBS IN SECTION 6 = 59
INFO:root:NUM OF EMBS IN SECTION 7 = 145
INFO:Prototype_embs_INFO:END OF FILE - SAVING EMBEDDINGS FOR 2411.14057v1_content.txt

INFO:Prototype_embs_INFO:STARTING TO EMBED: 2411.14109v1_content.txt
INFO:Prototype_embs_INFO:SKIPPING FILE 2411.14109v1_content.txt

INFO:root:NUM OF EMBS IN SECTION 2 = 1
INFO:root:NUM OF EMBS IN SECTION 3 = 9
INFO:root:NUM OF EMBS IN SECTION 4 = 2
INFO:root:NUM OF EMBS IN SECTION 5 = 6
INFO:root:NUM OF EMBS IN SECTION 6 = 3
INFO:root:NUM OF EMBS IN SECTION 7 = 3
INFO:root:NUM OF EMBS IN SECTION 8 = 5
INFO:root:NUM OF EMBS IN SECTION 9 = 1
INFO:Prototype_embs_INFO:END OF FILE - SAVING EMBEDDINGS FOR 2411.14109v1_content.txt

INFO:Prototype_embs_INFO:STARTING TO EMBED: 2411.14172v1_content.txt
INFO:Prototype_embs_INFO:SKIPPING FILE 2411.14172v1_content.txt

INFO:root:NUM OF EMBS IN SECTION 2 = 7
INFO:root:NUM OF EMBS IN SECTION 3 = 15
INFO:root:NUM OF EMBS IN SECTION 4 = 3
INFO:root:NUM OF EMBS IN SECTION 5 = 3
INFO:root:NUM OF EMBS IN SECTION 6 = 8
INFO:root:NUM OF EMBS IN SECTION 7 = 22
INFO:root:NUM OF EMBS IN SECTION 8 = 4
INFO:root:NUM OF EMBS IN SECTION 9 = 4
INFO:root:NUM OF EMBS IN SECTION 10 = 4
INFO:Prototype_embs_INFO:END OF FILE - SAVING EMBEDDINGS FOR 2411.14172v1_content.txt

INFO:Prototype_embs_INFO:STARTING TO EMBED: 2411.14179v1_content.txt
INFO:Prototype_embs_INFO:SKIPPING FILE 2411.14179v1_content.txt

INFO:root:NUM OF EMBS IN SECTION 2 = 6
INFO:root:NUM OF EMBS IN SECTION 3 = 13
INFO:root:NUM OF EMBS IN SECTION 4 = 1
INFO:root:NUM OF EMBS IN SECTION 5 = 3
INFO:root:NUM OF EMBS IN SECTION 6 = 2
INFO:root:NUM OF EMBS IN SECTION 7 = 2
INFO:root:NUM OF EMBS IN SECTION 8 = 1
INFO:root:NUM OF EMBS IN SECTION 9 = 4
INFO:root:NUM OF EMBS IN SECTION 10 = 4
INFO:root:NUM OF EMBS IN SECTION 11 = 7
INFO:root:NUM OF EMBS IN SECTION 12 = 8
INFO:root:NUM OF EMBS IN SECTION 13 = 4
INFO:root:NUM OF EMBS IN SECTION 14 = 18
INFO:root:NUM OF EMBS IN SECTION 15 = 10
INFO:root:NUM OF EMBS IN SECTION 16 = 4
INFO:Prototype_embs_INFO:END OF FILE - SAVING EMBEDDINGS FOR 2411.14179v1_content.txt

INFO:Prototype_embs_INFO:STARTING TO EMBED: 2411.14354v1_content.txt
INFO:Prototype_embs_INFO:SKIPPING FILE 2411.14354v1_content.txt

INFO:root:NUM OF EMBS IN SECTION 2 = 7
INFO:root:NUM OF EMBS IN SECTION 3 = 25
INFO:root:NUM OF EMBS IN SECTION 4 = 4
INFO:root:NUM OF EMBS IN SECTION 5 = 9
INFO:root:NUM OF EMBS IN SECTION 6 = 2
INFO:root:NUM OF EMBS IN SECTION 7 = 2
INFO:root:NUM OF EMBS IN SECTION 8 = 3
INFO:root:NUM OF EMBS IN SECTION 9 = 3
INFO:root:NUM OF EMBS IN SECTION 10 = 7
INFO:root:NUM OF EMBS IN SECTION 11 = 12
INFO:root:NUM OF EMBS IN SECTION 12 = 11
INFO:root:NUM OF EMBS IN SECTION 13 = 5
INFO:root:NUM OF EMBS IN SECTION 14 = 15
INFO:root:NUM OF EMBS IN SECTION 15 = 6
INFO:root:NUM OF EMBS IN SECTION 16 = 8
INFO:root:NUM OF EMBS IN SECTION 17 = 12
INFO:root:NUM OF EMBS IN SECTION 18 = 20
INFO:Prototype_embs_INFO:END OF FILE - SAVING EMBEDDINGS FOR 2411.14354v1_content.txt

INFO:Prototype_embs_INFO:STARTING TO EMBED: 2411.14392v1_content.txt
INFO:Prototype_embs_INFO:SKIPPING FILE 2411.14392v1_content.txt

INFO:root:NUM OF EMBS IN SECTION 2 = 1
INFO:root:NUM OF EMBS IN SECTION 3 = 5
INFO:root:NUM OF EMBS IN SECTION 4 = 5
INFO:root:NUM OF EMBS IN SECTION 5 = 2
INFO:root:NUM OF EMBS IN SECTION 6 = 3
INFO:root:NUM OF EMBS IN SECTION 7 = 2
INFO:root:NUM OF EMBS IN SECTION 8 = 4
INFO:root:NUM OF EMBS IN SECTION 9 = 1
INFO:root:NUM OF EMBS IN SECTION 10 = 1
INFO:root:NUM OF EMBS IN SECTION 11 = 1
INFO:root:NUM OF EMBS IN SECTION 12 = 2
INFO:Prototype_embs_INFO:END OF FILE - SAVING EMBEDDINGS FOR 2411.14392v1_content.txt

INFO:Prototype_embs_INFO:STARTING TO EMBED: 2411.14412v1_content.txt
INFO:Prototype_embs_INFO:SKIPPING FILE 2411.14412v1_content.txt

INFO:root:NUM OF EMBS IN SECTION 2 = 1
INFO:root:NUM OF EMBS IN SECTION 3 = 9
INFO:root:NUM OF EMBS IN SECTION 4 = 2
INFO:root:NUM OF EMBS IN SECTION 5 = 1
INFO:root:NUM OF EMBS IN SECTION 6 = 2
INFO:root:NUM OF EMBS IN SECTION 7 = 3
INFO:root:NUM OF EMBS IN SECTION 8 = 1
INFO:root:NUM OF EMBS IN SECTION 9 = 1
INFO:root:NUM OF EMBS IN SECTION 10 = 1
INFO:root:NUM OF EMBS IN SECTION 11 = 5
INFO:root:NUM OF EMBS IN SECTION 12 = 3
INFO:root:NUM OF EMBS IN SECTION 13 = 3
INFO:root:NUM OF EMBS IN SECTION 14 = 6
INFO:root:NUM OF EMBS IN SECTION 15 = 3
INFO:root:NUM OF EMBS IN SECTION 16 = 1
INFO:Prototype_embs_INFO:END OF FILE - SAVING EMBEDDINGS FOR 2411.14412v1_content.txt

INFO:Prototype_embs_INFO:STARTING TO EMBED: 2411.14427v1_content.txt
INFO:Prototype_embs_INFO:SKIPPING FILE 2411.14427v1_content.txt

INFO:root:NUM OF EMBS IN SECTION 2 = 1
INFO:root:NUM OF EMBS IN SECTION 3 = 13
INFO:root:NUM OF EMBS IN SECTION 4 = 8
INFO:root:NUM OF EMBS IN SECTION 5 = 1
INFO:root:NUM OF EMBS IN SECTION 6 = 1
INFO:root:NUM OF EMBS IN SECTION 7 = 5
INFO:root:NUM OF EMBS IN SECTION 8 = 1
INFO:root:NUM OF EMBS IN SECTION 9 = 5
INFO:root:NUM OF EMBS IN SECTION 10 = 12
INFO:root:NUM OF EMBS IN SECTION 11 = 9
INFO:root:NUM OF EMBS IN SECTION 12 = 1
INFO:root:NUM OF EMBS IN SECTION 13 = 2
INFO:Prototype_embs_INFO:END OF FILE - SAVING EMBEDDINGS FOR 2411.14427v1_content.txt

INFO:Prototype_embs_INFO:STARTING EMBEDDING PROCESS!

INFO:Prototype_embs_INFO:STARTING TO EMBED: 2308.07279v2_content.txt
INFO:Prototype_embs_INFO:SKIPPING FILE 2308.07279v2_content.txt

INFO:root:NUM OF EMBS IN SECTION 2 = 1
INFO:root:NUM OF EMBS IN SECTION 3 = 8
INFO:root:NUM OF EMBS IN SECTION 4 = 2
INFO:root:NUM OF EMBS IN SECTION 5 = 1
INFO:root:NUM OF EMBS IN SECTION 6 = 1
INFO:root:NUM OF EMBS IN SECTION 7 = 1
INFO:root:NUM OF EMBS IN SECTION 8 = 2
INFO:root:NUM OF EMBS IN SECTION 9 = 4
INFO:root:NUM OF EMBS IN SECTION 10 = 3
INFO:root:NUM OF EMBS IN SECTION 11 = 3
INFO:root:NUM OF EMBS IN SECTION 12 = 2
INFO:root:NUM OF EMBS IN SECTION 13 = 5
INFO:root:NUM OF EMBS IN SECTION 14 = 1
INFO:root:NUM OF EMBS IN SECTION 15 = 1
INFO:root:NUM OF EMBS IN SECTION 16 = 4
INFO:root:NUM OF EMBS IN SECTION 17 = 1
INFO:Prototype_embs_INFO:END OF FILE - SAVING EMBEDDINGS FOR 2308.07279v2_content.txt

INFO:Prototype_embs_INFO:STARTING EMBEDDING PROCESS!

INFO:Prototype_embs_INFO:STARTING TO EMBED: 2308.07279v2_content.txt
INFO:Prototype_embs_INFO:SKIPPING FILE 2308.07279v2_content.txt

INFO:root:NUM OF EMBS IN SECTION 2 = 1
INFO:root:NUM OF EMBS IN SECTION 3 = 8
INFO:root:NUM OF EMBS IN SECTION 4 = 2
INFO:root:NUM OF EMBS IN SECTION 5 = 1
INFO:root:NUM OF EMBS IN SECTION 6 = 1
INFO:root:NUM OF EMBS IN SECTION 7 = 1
INFO:root:NUM OF EMBS IN SECTION 8 = 2
INFO:root:NUM OF EMBS IN SECTION 9 = 4
INFO:root:NUM OF EMBS IN SECTION 10 = 3
INFO:root:NUM OF EMBS IN SECTION 11 = 3
INFO:root:NUM OF EMBS IN SECTION 12 = 2
INFO:root:NUM OF EMBS IN SECTION 13 = 5
INFO:root:NUM OF EMBS IN SECTION 14 = 1
INFO:root:NUM OF EMBS IN SECTION 15 = 1
INFO:root:NUM OF EMBS IN SECTION 16 = 4
INFO:root:NUM OF EMBS IN SECTION 17 = 1
INFO:Prototype_embs_INFO:END OF FILE - SAVING EMBEDDINGS FOR 2308.07279v2_content.txt

